#
# A fatal error has been detected by the Java Runtime Environment:
#
#  SIGSEGV (0xb) at pc=0x00007fba96b3c489, pid=6746, tid=140438940104448
#
# JRE version: OpenJDK Runtime Environment (7.0_79-b14) (build 1.7.0_79-b14)
# Java VM: OpenJDK 64-Bit Server VM (24.79-b02 mixed mode linux-amd64 compressed oops)
# Derivative: IcedTea 2.5.6
# Distribution: Ubuntu 15.04, package 7u79-2.5.6-0ubuntu1.15.04.1
# Problematic frame:
# V  [libjvm.so+0x313489]  OopFlow::compute_reach(PhaseRegAlloc*, int, Dict*)+0x169
#
# Failed to write core dump. Core dumps have been disabled. To enable core dumping, try "ulimit -c unlimited" before starting Java again
#
# If you would like to submit a bug report, please include
# instructions on how to reproduce the bug and visit:
#   http://icedtea.classpath.org/bugzilla
#

---------------  T H R E A D  ---------------

Current thread (0x00007fba900a9800):  JavaThread "C2 CompilerThread0" daemon [_thread_in_native, id=6758, stack(0x00007fba7d133000,0x00007fba7d234000)]

siginfo:si_signo=SIGSEGV: si_errno=0, si_code=1 (SEGV_MAPERR), si_addr=0x00005fba606c02b0

Registers:
RAX=0x00005fba606c02b0, RBX=0x00007fba606c0248, RCX=0xffffffffffffffff, RDX=0x00000000ffffffff
RSP=0x00007fba7d22f940, RBP=0x00007fba7d22f990, RSI=0x00000000ffffffff, RDI=0x00007fba606c0248
R8 =0xffffffffffffffff, R9 =0x00000000000000df, R10=0xffffffffffffffff, R11=0x000000000000000c
R12=0x00007fba641bbcd0, R13=0x0000000000000008, R14=0x00007fba7d22fc90, R15=0xffffffffffffffff
RIP=0x00007fba96b3c489, EFLAGS=0x0000000000010246, CSGSFS=0xffff000000000033, ERR=0x0000000000000004
  TRAPNO=0x000000000000000e

Top of Stack: (sp=0x00007fba7d22f940)
0x00007fba7d22f940:   00007fba900a9d30 00000000000001d0
0x00007fba7d22f950:   00007fba60fe3aa0 000000e096b3bd7d
0x00007fba7d22f960:   00007fba7d22f990 0000000000000000
0x00007fba7d22f970:   00007fba60f83040 00007fba641fb210
0x00007fba7d22f980:   00000000deadbeef 0000000000000000
0x00007fba7d22f990:   00007fba7d22fb00 00007fba96b3d685
0x00007fba7d22f9a0:   00007fba90017560 00000000000000e0
0x00007fba7d22f9b0:   000000e07d22fa00 00007fba602f0cb0
0x00007fba7d22f9c0:   00007fba7d231fd0 000000000000cb00
0x00007fba7d22f9d0:   00007fba602f0cb0 0000000000000000
0x00007fba7d22f9e0:   00007fba7d22fc00 00007fba602e41b0
0x00007fba7d22f9f0:   0000000000000000 00007fba7d22faa0
0x00007fba7d22fa00:   00007fba602f0cc0 0000000000000006
0x00007fba7d22fa10:   0000000400000007 ffffffffffffffdf
0x00007fba7d22fa20:   00007fba60fe3aa0 00007fba64270788
0x00007fba7d22fa30:   0000000600000007 000000000000cb10
0x00007fba7d22fa40:   0000000000000020 0000000700000001
0x00007fba7d22fa50:   00007fba641db490 00007fba900a9d30
0x00007fba7d22fa60:   00007fba7d22fa98 00007fba7d22fa90
0x00007fba7d22fa70:   00007fba641fb210 0000000000000700
0x00007fba7d22fa80:   00000000000001c0 00007fba7d22faa0
0x00007fba7d22fa90:   0000000000000000 0000000000000028
0x00007fba7d22faa0:   00007fba00000200 00007fba641b2220
0x00007fba7d22fab0:   00007fba900a9d30 0000078800000023
0x00007fba7d22fac0:   00007fba60d33920 8163d591ab461700
0x00007fba7d22fad0:   0000000000000000 00007fba641f3220
0x00007fba7d22fae0:   00007fba641dca50 00000000000048f3
0x00007fba7d22faf0:   00007fba7d231fd0 0000000000000740
0x00007fba7d22fb00:   00007fba7d22fb70 00007fba9703c62d
0x00007fba7d22fb10:   00007fba7d22fb40 00007fba7d22fb34
0x00007fba7d22fb20:   00007fba60e09888 00007fba7d22fc48
0x00007fba7d22fb30:   00007fba7d232140 00007fba7d232778 

Instructions: (pc=0x00007fba96b3c489)
0x00007fba96b3c469:   ff ff 66 89 14 48 49 8b 04 24 66 42 89 34 78 0f
0x00007fba96b3c479:   b7 43 2c 83 e0 0f 66 83 f8 08 75 a3 48 8b 43 08
0x00007fba96b3c489:   48 8b 00 0f b7 40 2c 83 e0 0f 66 83 f8 09 75 8f
0x00007fba96b3c499:   0f bf f1 83 fe ff 74 39 48 8d 05 30 58 b0 00 39 

Register to memory mapping:

RAX=0x00005fba606c02b0 is an unknown value
RBX=0x00007fba606c0248 is an unknown value
RCX=0xffffffffffffffff is an unknown value
RDX=0x00000000ffffffff is an unallocated location in the heap
RSP=0x00007fba7d22f940 is pointing into the stack for thread: 0x00007fba900a9800
RBP=0x00007fba7d22f990 is pointing into the stack for thread: 0x00007fba900a9800
RSI=0x00000000ffffffff is an unallocated location in the heap
RDI=0x00007fba606c0248 is an unknown value
R8 =0xffffffffffffffff is an unknown value
R9 =0x00000000000000df is an unknown value
R10=0xffffffffffffffff is an unknown value
R11=0x000000000000000c is an unknown value
R12=0x00007fba641bbcd0 is an unknown value
R13=0x0000000000000008 is an unknown value
R14=0x00007fba7d22fc90 is pointing into the stack for thread: 0x00007fba900a9800
R15=0xffffffffffffffff is an unknown value


Stack: [0x00007fba7d133000,0x00007fba7d234000],  sp=0x00007fba7d22f940,  free space=1010k
Native frames: (J=compiled Java code, j=interpreted, Vv=VM code, C=native code)
V  [libjvm.so+0x313489]  OopFlow::compute_reach(PhaseRegAlloc*, int, Dict*)+0x169
V  [libjvm.so+0x314685]  Compile::BuildOopMaps()+0x1105
V  [libjvm.so+0x81362d]  Compile::Output()+0x6fd
V  [libjvm.so+0x43aef6]  Compile::Code_Gen()+0x676
V  [libjvm.so+0x43fdee]  Compile::Compile(ciEnv*, C2Compiler*, ciMethod*, int, bool, bool)+0x110e
V  [libjvm.so+0x3abdfc]  C2Compiler::compile_method(ciEnv*, ciMethod*, int)+0xdc
V  [libjvm.so+0x4465f5]  CompileBroker::invoke_compiler_on_method(CompileTask*)+0x325
V  [libjvm.so+0x4477f5]  CompileBroker::compiler_thread_loop()+0x2f5
V  [libjvm.so+0x937d38]  JavaThread::thread_main_inner()+0x118
V  [libjvm.so+0x937fc1]  JavaThread::run()+0x231
V  [libjvm.so+0x7fa492]  java_start(Thread*)+0xf2


Current CompileTask:
C2:   6566  340             java.beans.Introspector::getTargetMethodInfo (255 bytes)


---------------  P R O C E S S  ---------------

Java Threads: ( => current thread )
  0x00007fba4434d800 JavaThread "File lock request listener" [_thread_in_native, id=6773, stack(0x00007fba56687000,0x00007fba56788000)]
  0x00007fba44572000 JavaThread "process reaper" daemon [_thread_blocked, id=6772, stack(0x00007fba56788000,0x00007fba567c1000)]
  0x00007fba44024000 JavaThread "Stdin handler" [_thread_blocked, id=6770, stack(0x00007fba5682c000,0x00007fba5692d000)]
  0x00007fba48008800 JavaThread "Daemon worker" [_thread_in_Java, id=6767, stack(0x00007fba5692d000,0x00007fba56a2e000)]
  0x00007fba48008000 JavaThread "Cancel handler" [_thread_blocked, id=6766, stack(0x00007fba56a2e000,0x00007fba56b2f000)]
  0x00007fba48006800 JavaThread "Handler for socket connection from /127.0.0.1:58502 to /127.0.0.1:33265" [_thread_in_native, id=6764, stack(0x00007fba56b2f000,0x00007fba56c30000)]
  0x00007fba5000f000 JavaThread "Daemon" [_thread_blocked, id=6763, stack(0x00007fba56c30000,0x00007fba56d31000)]
  0x00007fba90a68000 JavaThread "Incoming local TCP Connector on port 58502" [_thread_in_native, id=6762, stack(0x00007fba56d31000,0x00007fba56e32000)]
  0x00007fba900ae800 JavaThread "Service Thread" daemon [_thread_blocked, id=6760, stack(0x00007fba7cf31000,0x00007fba7d032000)]
  0x00007fba900ac800 JavaThread "C2 CompilerThread1" daemon [_thread_in_native, id=6759, stack(0x00007fba7d032000,0x00007fba7d133000)]
=>0x00007fba900a9800 JavaThread "C2 CompilerThread0" daemon [_thread_in_native, id=6758, stack(0x00007fba7d133000,0x00007fba7d234000)]
  0x00007fba900a7000 JavaThread "Signal Dispatcher" daemon [_thread_blocked, id=6757, stack(0x00007fba7d234000,0x00007fba7d335000)]
  0x00007fba9007c800 JavaThread "Finalizer" daemon [_thread_blocked, id=6756, stack(0x00007fba7d5fe000,0x00007fba7d6ff000)]
  0x00007fba9007a000 JavaThread "Reference Handler" daemon [_thread_blocked, id=6755, stack(0x00007fba7d6ff000,0x00007fba7d800000)]
  0x00007fba9000a000 JavaThread "main" [_thread_blocked, id=6748, stack(0x00007fba98381000,0x00007fba98482000)]

Other Threads:
  0x00007fba90076000 VMThread [stack: 0x00007fba8c0d0000,0x00007fba8c1d1000] [id=6754]
  0x00007fba900b9800 WatcherThread [stack: 0x00007fba7ce30000,0x00007fba7cf31000] [id=6761]

VM state:not at safepoint (normal execution)

VM Mutex/Monitor currently owned by a thread: None

Heap
 PSYoungGen      total 71680K, used 54105K [0x00000000eaa80000, 0x00000000f3b80000, 0x0000000100000000)
  eden space 62976K, 72% used [0x00000000eaa80000,0x00000000ed6dcce0,0x00000000ee800000)
  from space 8704K, 99% used [0x00000000ee800000,0x00000000ef0797e8,0x00000000ef080000)
  to   space 11264K, 0% used [0x00000000f3080000,0x00000000f3080000,0x00000000f3b80000)
 ParOldGen       total 41472K, used 10744K [0x00000000c0000000, 0x00000000c2880000, 0x00000000eaa80000)
  object space 41472K, 25% used [0x00000000c0000000,0x00000000c0a7e0c0,0x00000000c2880000)
 PSPermGen       total 27136K, used 27070K [0x00000000b0000000, 0x00000000b1a80000, 0x00000000c0000000)
  object space 27136K, 99% used [0x00000000b0000000,0x00000000b1a6fb88,0x00000000b1a80000)

Card table byte_map: [0x00007fba94ced000,0x00007fba94f6e000] byte_map_base: 0x00007fba9476d000

Polling page: 0x00007fba984a4000

Code Cache  [0x00007fba8d000000, 0x00007fba8d270000, 0x00007fba90000000)
 total_blobs=910 nmethods=335 adapters=526 free_code_cache=46807Kb largest_free_block=47895552

Compilation events (10 events):
Event: 6.255 Thread 0x00007fba900ac800 nmethod 352 0x00007fba8d23e050 code [0x00007fba8d23e1a0, 0x00007fba8d23e548]
Event: 6.268 Thread 0x00007fba900ac800  353             java.net.URL::getFile (5 bytes)
Event: 6.268 Thread 0x00007fba900ac800 nmethod 353 0x00007fba8d23de50 code [0x00007fba8d23df80, 0x00007fba8d23dfd8]
Event: 6.319 Thread 0x00007fba900ac800  354  s          java.lang.StringBuffer::toString (17 bytes)
Event: 6.326 Thread 0x00007fba900ac800 nmethod 354 0x00007fba8d21ea50 code [0x00007fba8d21ebc0, 0x00007fba8d21f178]
Event: 6.340 Thread 0x00007fba900ac800  355   !         sun.misc.Resource::getBytes (242 bytes)
Event: 6.374 Thread 0x00007fba900ac800 nmethod 355 0x00007fba8d244e10 code [0x00007fba8d2450a0, 0x00007fba8d246680]
Event: 6.531 Thread 0x00007fba900ac800  356             java.util.Arrays::fill (28 bytes)
Event: 6.532 Thread 0x00007fba900ac800 nmethod 356 0x00007fba8d220010 code [0x00007fba8d220160, 0x00007fba8d220278]
Event: 6.552 Thread 0x00007fba900ac800  357             org.objectweb.asm.Item::a (143 bytes)

GC Heap History (10 events):
Event: 1.876 GC heap before
{Heap before GC invocations=3 (full 0):
 PSYoungGen      total 18432K, used 17820K [0x00000000eaa80000, 0x00000000ece80000, 0x0000000100000000)
  eden space 15872K, 100% used [0x00000000eaa80000,0x00000000eba00000,0x00000000eba00000)
  from space 2560K, 76% used [0x00000000ebc80000,0x00000000ebe672d0,0x00000000ebf00000)
  to   space 2560K, 0% used [0x00000000eba00000,0x00000000eba00000,0x00000000ebc80000)
 ParOldGen       total 41472K, used 179K [0x00000000c0000000, 0x00000000c2880000, 0x00000000eaa80000)
  object space 41472K, 0% used [0x00000000c0000000,0x00000000c002cff0,0x00000000c2880000)
 PSPermGen       total 21504K, used 9784K [0x00000000b0000000, 0x00000000b1500000, 0x00000000c0000000)
  object space 21504K, 45% used [0x00000000b0000000,0x00000000b098e3f0,0x00000000b1500000)
Event: 1.888 GC heap after
Heap after GC invocations=3 (full 0):
 PSYoungGen      total 18432K, used 2528K [0x00000000eaa80000, 0x00000000ece80000, 0x0000000100000000)
  eden space 15872K, 0% used [0x00000000eaa80000,0x00000000eaa80000,0x00000000eba00000)
  from space 2560K, 98% used [0x00000000eba00000,0x00000000ebc78040,0x00000000ebc80000)
  to   space 2560K, 0% used [0x00000000ecc00000,0x00000000ecc00000,0x00000000ece80000)
 ParOldGen       total 41472K, used 1490K [0x00000000c0000000, 0x00000000c2880000, 0x00000000eaa80000)
  object space 41472K, 3% used [0x00000000c0000000,0x00000000c0174908,0x00000000c2880000)
 PSPermGen       total 21504K, used 9784K [0x00000000b0000000, 0x00000000b1500000, 0x00000000c0000000)
  object space 21504K, 45% used [0x00000000b0000000,0x00000000b098e3f0,0x00000000b1500000)
}
Event: 2.491 GC heap before
{Heap before GC invocations=4 (full 0):
 PSYoungGen      total 18432K, used 18400K [0x00000000eaa80000, 0x00000000ece80000, 0x0000000100000000)
  eden space 15872K, 100% used [0x00000000eaa80000,0x00000000eba00000,0x00000000eba00000)
  from space 2560K, 98% used [0x00000000eba00000,0x00000000ebc78040,0x00000000ebc80000)
  to   space 2560K, 0% used [0x00000000ecc00000,0x00000000ecc00000,0x00000000ece80000)
 ParOldGen       total 41472K, used 1490K [0x00000000c0000000, 0x00000000c2880000, 0x00000000eaa80000)
  object space 41472K, 3% used [0x00000000c0000000,0x00000000c0174908,0x00000000c2880000)
 PSPermGen       total 21504K, used 11542K [0x00000000b0000000, 0x00000000b1500000, 0x00000000c0000000)
  object space 21504K, 53% used [0x00000000b0000000,0x00000000b0b45988,0x00000000b1500000)
Event: 2.503 GC heap after
Heap after GC invocations=4 (full 0):
 PSYoungGen      total 34304K, used 2544K [0x00000000eaa80000, 0x00000000ece80000, 0x0000000100000000)
  eden space 31744K, 0% used [0x00000000eaa80000,0x00000000eaa80000,0x00000000ec980000)
  from space 2560K, 99% used [0x00000000ecc00000,0x00000000ece7c030,0x00000000ece80000)
  to   space 2560K, 0% used [0x00000000ec980000,0x00000000ec980000,0x00000000ecc00000)
 ParOldGen       total 41472K, used 3228K [0x00000000c0000000, 0x00000000c2880000, 0x00000000eaa80000)
  object space 41472K, 7% used [0x00000000c0000000,0x00000000c0327180,0x00000000c2880000)
 PSPermGen       total 21504K, used 11542K [0x00000000b0000000, 0x00000000b1500000, 0x00000000c0000000)
  object space 21504K, 53% used [0x00000000b0000000,0x00000000b0b45988,0x00000000b1500000)
}
Event: 3.694 GC heap before
{Heap before GC invocations=5 (full 0):
 PSYoungGen      total 34304K, used 34288K [0x00000000eaa80000, 0x00000000ece80000, 0x0000000100000000)
  eden space 31744K, 100% used [0x00000000eaa80000,0x00000000ec980000,0x00000000ec980000)
  from space 2560K, 99% used [0x00000000ecc00000,0x00000000ece7c030,0x00000000ece80000)
  to   space 2560K, 0% used [0x00000000ec980000,0x00000000ec980000,0x00000000ecc00000)
 ParOldGen       total 41472K, used 3228K [0x00000000c0000000, 0x00000000c2880000, 0x00000000eaa80000)
  object space 41472K, 7% used [0x00000000c0000000,0x00000000c0327180,0x00000000c2880000)
 PSPermGen       total 21504K, used 17633K [0x00000000b0000000, 0x00000000b1500000, 0x00000000c0000000)
  object space 21504K, 81% used [0x00000000b0000000,0x00000000b1138478,0x00000000b1500000)
Event: 3.706 GC heap after
Heap after GC invocations=5 (full 0):
 PSYoungGen      total 34304K, used 2544K [0x00000000eaa80000, 0x00000000ef880000, 0x0000000100000000)
  eden space 31744K, 0% used [0x00000000eaa80000,0x00000000eaa80000,0x00000000ec980000)
  from space 2560K, 99% used [0x00000000ec980000,0x00000000ecbfc030,0x00000000ecc00000)
  to   space 8192K, 0% used [0x00000000ef080000,0x00000000ef080000,0x00000000ef880000)
 ParOldGen       total 41472K, used 8479K [0x00000000c0000000, 0x00000000c2880000, 0x00000000eaa80000)
  object space 41472K, 20% used [0x00000000c0000000,0x00000000c0847f98,0x00000000c2880000)
 PSPermGen       total 21504K, used 17633K [0x00000000b0000000, 0x00000000b1500000, 0x00000000c0000000)
  object space 21504K, 81% used [0x00000000b0000000,0x00000000b1138478,0x00000000b1500000)
}
Event: 4.404 GC heap before
{Heap before GC invocations=6 (full 0):
 PSYoungGen      total 34304K, used 34288K [0x00000000eaa80000, 0x00000000ef880000, 0x0000000100000000)
  eden space 31744K, 100% used [0x00000000eaa80000,0x00000000ec980000,0x00000000ec980000)
  from space 2560K, 99% used [0x00000000ec980000,0x00000000ecbfc030,0x00000000ecc00000)
  to   space 8192K, 0% used [0x00000000ef080000,0x00000000ef080000,0x00000000ef880000)
 ParOldGen       total 41472K, used 8479K [0x00000000c0000000, 0x00000000c2880000, 0x00000000eaa80000)
  object space 41472K, 20% used [0x00000000c0000000,0x00000000c0847f98,0x00000000c2880000)
 PSPermGen       total 21504K, used 20071K [0x00000000b0000000, 0x00000000b1500000, 0x00000000c0000000)
  object space 21504K, 93% used [0x00000000b0000000,0x00000000b1399ed0,0x00000000b1500000)
Event: 4.419 GC heap after
Heap after GC invocations=6 (full 0):
 PSYoungGen      total 71168K, used 6397K [0x00000000eaa80000, 0x00000000ef980000, 0x0000000100000000)
  eden space 62976K, 0% used [0x00000000eaa80000,0x00000000eaa80000,0x00000000ee800000)
  from space 8192K, 78% used [0x00000000ef080000,0x00000000ef6bf658,0x00000000ef880000)
  to   space 8704K, 0% used [0x00000000ee800000,0x00000000ee800000,0x00000000ef080000)
 ParOldGen       total 41472K, used 8479K [0x00000000c0000000, 0x00000000c2880000, 0x00000000eaa80000)
  object space 41472K, 20% used [0x00000000c0000000,0x00000000c0847f98,0x00000000c2880000)
 PSPermGen       total 21504K, used 20071K [0x00000000b0000000, 0x00000000b1500000, 0x00000000c0000000)
  object space 21504K, 93% used [0x00000000b0000000,0x00000000b1399ed0,0x00000000b1500000)
}
Event: 5.397 GC heap before
{Heap before GC invocations=7 (full 0):
 PSYoungGen      total 71168K, used 69373K [0x00000000eaa80000, 0x00000000ef980000, 0x0000000100000000)
  eden space 62976K, 100% used [0x00000000eaa80000,0x00000000ee800000,0x00000000ee800000)
  from space 8192K, 78% used [0x00000000ef080000,0x00000000ef6bf658,0x00000000ef880000)
  to   space 8704K, 0% used [0x00000000ee800000,0x00000000ee800000,0x00000000ef080000)
 ParOldGen       total 41472K, used 8479K [0x00000000c0000000, 0x00000000c2880000, 0x00000000eaa80000)
  object space 41472K, 20% used [0x00000000c0000000,0x00000000c0847f98,0x00000000c2880000)
 PSPermGen       total 23552K, used 23264K [0x00000000b0000000, 0x00000000b1700000, 0x00000000c0000000)
  object space 23552K, 98% used [0x00000000b0000000,0x00000000b16b8328,0x00000000b1700000)
Event: 5.418 GC heap after
Heap after GC invocations=7 (full 0):
 PSYoungGen      total 71680K, used 8677K [0x00000000eaa80000, 0x00000000f3b80000, 0x0000000100000000)
  eden space 62976K, 0% used [0x00000000eaa80000,0x00000000eaa80000,0x00000000ee800000)
  from space 8704K, 99% used [0x00000000ee800000,0x00000000ef0797e8,0x00000000ef080000)
  to   space 11264K, 0% used [0x00000000f3080000,0x00000000f3080000,0x00000000f3b80000)
 ParOldGen       total 41472K, used 10744K [0x00000000c0000000, 0x00000000c2880000, 0x00000000eaa80000)
  object space 41472K, 25% used [0x00000000c0000000,0x00000000c0a7e0c0,0x00000000c2880000)
 PSPermGen       total 23552K, used 23264K [0x00000000b0000000, 0x00000000b1700000, 0x00000000c0000000)
  object space 23552K, 98% used [0x00000000b0000000,0x00000000b16b8328,0x00000000b1700000)
}

Deoptimization events (10 events):
Event: 4.764 Thread 0x00007fba48008800 Uncommon trap: reason=class_check action=maybe_recompile pc=0x00007fba8d0a5168 method=org.codehaus.groovy.util.ManagedReference.get()Ljava/lang/Object; @ 4
Event: 4.764 Thread 0x00007fba48008800 Uncommon trap: reason=class_check action=maybe_recompile pc=0x00007fba8d0a5168 method=org.codehaus.groovy.util.ManagedReference.get()Ljava/lang/Object; @ 4
Event: 4.764 Thread 0x00007fba48008800 Uncommon trap: reason=class_check action=maybe_recompile pc=0x00007fba8d0a5168 method=org.codehaus.groovy.util.ManagedReference.get()Ljava/lang/Object; @ 4
Event: 4.764 Thread 0x00007fba48008800 Uncommon trap: reason=class_check action=maybe_recompile pc=0x00007fba8d0ab3d4 method=org.codehaus.groovy.util.ManagedReference.get()Ljava/lang/Object; @ 4
Event: 4.842 Thread 0x00007fba48008800 Uncommon trap: reason=unreached action=reinterpret pc=0x00007fba8d1e3f00 method=org.codehaus.groovy.reflection.ClassInfo.getWeakMetaClass()Lgroovy/lang/MetaClass; @ 6
Event: 5.024 Thread 0x00007fba48008800 Uncommon trap: reason=class_check action=maybe_recompile pc=0x00007fba8d1d7bd4 method=org.codehaus.groovy.runtime.metaclass.MetaMethodIndex.addMethodToList(Ljava/lang/Object;Lgroovy/lang/MetaMethod;)Ljava/lang/Object; @ 218
Event: 5.024 Thread 0x00007fba48008800 Uncommon trap: reason=class_check action=maybe_recompile pc=0x00007fba8d1d7bd4 method=org.codehaus.groovy.runtime.metaclass.MetaMethodIndex.addMethodToList(Ljava/lang/Object;Lgroovy/lang/MetaMethod;)Ljava/lang/Object; @ 218
Event: 5.036 Thread 0x00007fba48008800 Uncommon trap: reason=null_check action=make_not_entrant pc=0x00007fba8d20bbd0 method=groovy.lang.MetaClassImpl.getPropName(Ljava/lang/String;)Ljava/lang/String; @ 9
Event: 5.370 Thread 0x00007fba48008800 Uncommon trap: reason=unreached action=reinterpret pc=0x00007fba8d09947c method=java.util.HashMap.put(Ljava/lang/Object;Ljava/lang/Object;)Ljava/lang/Object; @ 19
Event: 6.010 Thread 0x00007fba48008800 Uncommon trap: reason=predicate action=maybe_recompile pc=0x00007fba8d2043e8 method=java.util.ComparableTimSort.binarySort([Ljava/lang/Object;III)V @ 37

Internal exceptions (10 events):
Event: 6.557 Thread 0x00007fba48008800 Threw 0x00000000ed6086c8 at /build/openjdk-7-yI9zWD/openjdk-7-7u79-2.5.6/build/openjdk/hotspot/src/share/vm/prims/jvm.cpp:1284
Event: 6.557 Thread 0x00007fba48008800 Threw 0x00000000ed60d158 at /build/openjdk-7-yI9zWD/openjdk-7-7u79-2.5.6/build/openjdk/hotspot/src/share/vm/prims/jvm.cpp:1284
Event: 6.557 Thread 0x00007fba48008800 Threw 0x00000000ed60e050 at /build/openjdk-7-yI9zWD/openjdk-7-7u79-2.5.6/build/openjdk/hotspot/src/share/vm/prims/jvm.cpp:1284
Event: 6.557 Thread 0x00007fba48008800 Threw 0x00000000ed615c68 at /build/openjdk-7-yI9zWD/openjdk-7-7u79-2.5.6/build/openjdk/hotspot/src/share/vm/prims/jvm.cpp:1284
Event: 6.558 Thread 0x00007fba48008800 Threw 0x00000000ed61ab10 at /build/openjdk-7-yI9zWD/openjdk-7-7u79-2.5.6/build/openjdk/hotspot/src/share/vm/prims/jvm.cpp:1284
Event: 6.558 Thread 0x00007fba48008800 Threw 0x00000000ed61b9d8 at /build/openjdk-7-yI9zWD/openjdk-7-7u79-2.5.6/build/openjdk/hotspot/src/share/vm/prims/jvm.cpp:1284
Event: 6.558 Thread 0x00007fba48008800 Threw 0x00000000ed6232f0 at /build/openjdk-7-yI9zWD/openjdk-7-7u79-2.5.6/build/openjdk/hotspot/src/share/vm/prims/jvm.cpp:1284
Event: 6.559 Thread 0x00007fba48008800 Threw 0x00000000ed62a6a0 at /build/openjdk-7-yI9zWD/openjdk-7-7u79-2.5.6/build/openjdk/hotspot/src/share/vm/prims/jvm.cpp:1284
Event: 6.559 Thread 0x00007fba48008800 Threw 0x00000000ed62b698 at /build/openjdk-7-yI9zWD/openjdk-7-7u79-2.5.6/build/openjdk/hotspot/src/share/vm/prims/jvm.cpp:1284
Event: 6.559 Thread 0x00007fba48008800 Threw 0x00000000ed634468 at /build/openjdk-7-yI9zWD/openjdk-7-7u79-2.5.6/build/openjdk/hotspot/src/share/vm/prims/jvm.cpp:1284

Events (10 events):
Event: 6.556 loading class 0x00007fba443aae40
Event: 6.556 loading class 0x00007fba443aae40 done
Event: 6.557 loading class 0x00007fba443aaee0
Event: 6.557 loading class 0x00007fba443aaee0 done
Event: 6.557 loading class 0x00007fba443a8d30
Event: 6.557 loading class 0x00007fba443a8d30 done
Event: 6.558 loading class 0x00007fba443a8cc0
Event: 6.558 loading class 0x00007fba443a8cc0 done
Event: 6.559 loading class 0x00007fba445ac840
Event: 6.559 loading class 0x00007fba445ac840 done


Dynamic libraries:
00400000-00401000 r-xp 00000000 08:02 6437694                            /usr/lib/jvm/java-7-openjdk-amd64/jre/bin/java
00600000-00601000 r--p 00000000 08:02 6437694                            /usr/lib/jvm/java-7-openjdk-amd64/jre/bin/java
00601000-00602000 rw-p 00001000 08:02 6437694                            /usr/lib/jvm/java-7-openjdk-amd64/jre/bin/java
01010000-01031000 rw-p 00000000 00:00 0                                  [heap]
b0000000-b1a80000 rw-p 00000000 00:00 0 
b1a80000-c0000000 rw-p 00000000 00:00 0 
c0000000-c2880000 rw-p 00000000 00:00 0 
c2880000-eaa80000 rw-p 00000000 00:00 0 
eaa80000-f3b80000 rw-p 00000000 00:00 0 
f3b80000-100000000 rw-p 00000000 00:00 0 
7fba30000000-7fba30021000 rw-p 00000000 00:00 0 
7fba30021000-7fba34000000 ---p 00000000 00:00 0 
7fba38000000-7fba38021000 rw-p 00000000 00:00 0 
7fba38021000-7fba3c000000 ---p 00000000 00:00 0 
7fba3c000000-7fba3c021000 rw-p 00000000 00:00 0 
7fba3c021000-7fba40000000 ---p 00000000 00:00 0 
7fba40000000-7fba40021000 rw-p 00000000 00:00 0 
7fba40021000-7fba44000000 ---p 00000000 00:00 0 
7fba44000000-7fba4473f000 rw-p 00000000 00:00 0 
7fba4473f000-7fba48000000 ---p 00000000 00:00 0 
7fba48000000-7fba48021000 rw-p 00000000 00:00 0 
7fba48021000-7fba4c000000 ---p 00000000 00:00 0 
7fba4c000000-7fba4c021000 rw-p 00000000 00:00 0 
7fba4c021000-7fba50000000 ---p 00000000 00:00 0 
7fba50000000-7fba50082000 rw-p 00000000 00:00 0 
7fba50082000-7fba54000000 ---p 00000000 00:00 0 
7fba56687000-7fba5668a000 ---p 00000000 00:00 0 
7fba5668a000-7fba56788000 rw-p 00000000 00:00 0                          [stack:6773]
7fba56788000-7fba5678b000 ---p 00000000 00:00 0 
7fba5678b000-7fba567c1000 rw-p 00000000 00:00 0                          [stack:6772]
7fba567c1000-7fba5682c000 r--s 0069e000 08:02 6438021                    /usr/lib/jvm/java-7-openjdk-amd64/lib/tools.jar
7fba5682c000-7fba5682f000 ---p 00000000 00:00 0 
7fba5682f000-7fba5692d000 rw-p 00000000 00:00 0                          [stack:6770]
7fba5692d000-7fba56930000 ---p 00000000 00:00 0 
7fba56930000-7fba56a2e000 rw-p 00000000 00:00 0                          [stack:6767]
7fba56a2e000-7fba56a31000 ---p 00000000 00:00 0 
7fba56a31000-7fba56b2f000 rw-p 00000000 00:00 0                          [stack:6766]
7fba56b2f000-7fba56b32000 ---p 00000000 00:00 0 
7fba56b32000-7fba56c30000 rw-p 00000000 00:00 0                          [stack:6764]
7fba56c30000-7fba56c33000 ---p 00000000 00:00 0 
7fba56c33000-7fba56d31000 rw-p 00000000 00:00 0                          [stack:6763]
7fba56d31000-7fba56d34000 ---p 00000000 00:00 0 
7fba56d34000-7fba56e32000 rw-p 00000000 00:00 0                          [stack:6762]
7fba56e32000-7fba56e34000 r--s 00005000 08:02 6702316                    /home/andbrain/.gradle/wrapper/dists/gradle-2.7-all/4ryh47z6pv2tj9n03uiw8pzc6/gradle-2.7/lib/plugins/gradle-tooling-api-builders-2.7.jar
7fba56e34000-7fba56e44000 r--s 00088000 08:02 6702348                    /home/andbrain/.gradle/wrapper/dists/gradle-2.7-all/4ryh47z6pv2tj9n03uiw8pzc6/gradle-2.7/lib/plugins/joda-time-2.8.2.jar
7fba56e44000-7fba56e55000 r--s 000cf000 08:02 6702347                    /home/andbrain/.gradle/wrapper/dists/gradle-2.7-all/4ryh47z6pv2tj9n03uiw8pzc6/gradle-2.7/lib/plugins/jackson-databind-2.3.2.jar
7fba56e55000-7fba56e57000 r--s 00007000 08:02 6702346                    /home/andbrain/.gradle/wrapper/dists/gradle-2.7-all/4ryh47z6pv2tj9n03uiw8pzc6/gradle-2.7/lib/plugins/jackson-annotations-2.3.2.jar
7fba56e57000-7fba56e5a000 r--s 0002e000 08:02 6702345                    /home/andbrain/.gradle/wrapper/dists/gradle-2.7-all/4ryh47z6pv2tj9n03uiw8pzc6/gradle-2.7/lib/plugins/jackson-core-2.3.2.jar
7fba56e5a000-7fba56e65000 r--s 0006b000 08:02 6702344                    /home/andbrain/.gradle/wrapper/dists/gradle-2.7-all/4ryh47z6pv2tj9n03uiw8pzc6/gradle-2.7/lib/plugins/aws-java-sdk-core-1.9.19.jar
7fba56e65000-7fba56e6b000 r--s 00036000 08:02 6702343                    /home/andbrain/.gradle/wrapper/dists/gradle-2.7-all/4ryh47z6pv2tj9n03uiw8pzc6/gradle-2.7/lib/plugins/aws-java-sdk-kms-1.9.19.jar
7fba56e6b000-7fba56e76000 r--s 00079000 08:02 6702342                    /home/andbrain/.gradle/wrapper/dists/gradle-2.7-all/4ryh47z6pv2tj9n03uiw8pzc6/gradle-2.7/lib/plugins/aws-java-sdk-s3-1.9.19.jar
7fba56e76000-7fba56e77000 r--s 00003000 08:02 6702315                    /home/andbrain/.gradle/wrapper/dists/gradle-2.7-all/4ryh47z6pv2tj9n03uiw8pzc6/gradle-2.7/lib/plugins/gradle-resources-s3-2.7.jar
7fba56e77000-7fba56e78000 r--s 00004000 08:02 6702314                    /home/andbrain/.gradle/wrapper/dists/gradle-2.7-all/4ryh47z6pv2tj9n03uiw8pzc6/gradle-2.7/lib/plugins/gradle-resources-sftp-2.7.jar
7fba56e78000-7fba56e79000 r--s 00001000 08:02 6702311                    /home/andbrain/.gradle/wrapper/dists/gradle-2.7-all/4ryh47z6pv2tj9n03uiw8pzc6/gradle-2.7/lib/plugins/gradle-plugin-development-2.7.jar
7fba56e79000-7fba56e7b000 r--s 00005000 08:02 6702310                    /home/andbrain/.gradle/wrapper/dists/gradle-2.7-all/4ryh47z6pv2tj9n03uiw8pzc6/gradle-2.7/lib/plugins/gradle-testing-native-2.7.jar
7fba56e7b000-7fba56e7f000 r--s 00036000 08:02 6702309                    /home/andbrain/.gradle/wrapper/dists/gradle-2.7-all/4ryh47z6pv2tj9n03uiw8pzc6/gradle-2.7/lib/plugins/gradle-ide-native-2.7.jar
7fba56e8f000-7fba56e90000 rw-p 00000000 00:00 0 
7fba56e90000-7fba56e9a000 r--s 000ae000 08:02 6437585                    /usr/lib/jvm/java-7-openjdk-amd64/jre/lib/resources.jar
7fba56e9a000-7fba56e9b000 r--p 00000000 00:00 0 
7fba56e9b000-7fba56ea2000 r--s 00000000 08:02 3421590                    /usr/lib/x86_64-linux-gnu/gconv/gconv-modules.cache
7fba56ea2000-7fba56ea7000 r--s 0004d000 08:02 6437589                    /usr/lib/jvm/java-7-openjdk-amd64/jre/lib/jsse.jar
7fba56ea7000-7fba56ead000 r--s 00019000 08:02 6702308                    /home/andbrain/.gradle/wrapper/dists/gradle-2.7-all/4ryh47z6pv2tj9n03uiw8pzc6/gradle-2.7/lib/plugins/gradle-language-native-2.7.jar
7fba56ead000-7fba56eb3000 r--s 00027000 08:02 6702307                    /home/andbrain/.gradle/wrapper/dists/gradle-2.7-all/4ryh47z6pv2tj9n03uiw8pzc6/gradle-2.7/lib/plugins/gradle-platform-play-2.7.jar
7fba56eb3000-7fba56ebf000 r--s 00054000 08:02 6702306                    /home/andbrain/.gradle/wrapper/dists/gradle-2.7-all/4ryh47z6pv2tj9n03uiw8pzc6/gradle-2.7/lib/plugins/gradle-platform-native-2.7.jar
7fba56ebf000-7fba56ec2000 r--s 00008000 08:02 6702305                    /home/andbrain/.gradle/wrapper/dists/gradle-2.7-all/4ryh47z6pv2tj9n03uiw8pzc6/gradle-2.7/lib/plugins/gradle-language-scala-2.7.jar
7fba56ec2000-7fba56ec4000 r--s 00009000 08:02 6702304                    /home/andbrain/.gradle/wrapper/dists/gradle-2.7-all/4ryh47z6pv2tj9n03uiw8pzc6/gradle-2.7/lib/plugins/gradle-language-groovy-2.7.jar
7fba56ec4000-7fba56eca000 r--s 00023000 08:02 6702303                    /home/andbrain/.gradle/wrapper/dists/gradle-2.7-all/4ryh47z6pv2tj9n03uiw8pzc6/gradle-2.7/lib/plugins/gradle-language-java-2.7.jar
7fba56eca000-7fba56ecc000 r--s 00008000 08:02 6702302                    /home/andbrain/.gradle/wrapper/dists/gradle-2.7-all/4ryh47z6pv2tj9n03uiw8pzc6/gradle-2.7/lib/plugins/gradle-language-jvm-2.7.jar
7fba56ecc000-7fba56ecf000 r--s 0000d000 08:02 6702301                    /home/andbrain/.gradle/wrapper/dists/gradle-2.7-all/4ryh47z6pv2tj9n03uiw8pzc6/gradle-2.7/lib/plugins/gradle-platform-jvm-2.7.jar
7fba56ecf000-7fba56ed7000 r--s 0002b000 08:02 6702300                    /home/andbrain/.gradle/wrapper/dists/gradle-2.7-all/4ryh47z6pv2tj9n03uiw8pzc6/gradle-2.7/lib/plugins/gradle-platform-base-2.7.jar
7fba56ed7000-7fba56edb000 r--s 00025000 08:02 6702299                    /home/andbrain/.gradle/wrapper/dists/gradle-2.7-all/4ryh47z6pv2tj9n03uiw8pzc6/gradle-2.7/lib/plugins/gradle-build-init-2.7.jar
7fba56edb000-7fba56ede000 r--s 0001c000 08:02 6702298                    /home/andbrain/.gradle/wrapper/dists/gradle-2.7-all/4ryh47z6pv2tj9n03uiw8pzc6/gradle-2.7/lib/plugins/gradle-jacoco-2.7.jar
7fba56ede000-7fba56ee1000 r--s 0000e000 08:02 6702297                    /home/andbrain/.gradle/wrapper/dists/gradle-2.7-all/4ryh47z6pv2tj9n03uiw8pzc6/gradle-2.7/lib/plugins/gradle-ivy-2.7.jar
7fba56ee1000-7fba56ee3000 r--s 00002000 08:02 6702296                    /home/andbrain/.gradle/wrapper/dists/gradle-2.7-all/4ryh47z6pv2tj9n03uiw8pzc6/gradle-2.7/lib/plugins/gradle-publish-2.7.jar
7fba56ee3000-7fba56ee5000 r--s 00005000 08:02 6702338                    /home/andbrain/.gradle/wrapper/dists/gradle-2.7-all/4ryh47z6pv2tj9n03uiw8pzc6/gradle-2.7/lib/plugins/jatl-0.2.2.jar
7fba56ee5000-7fba56ee7000 r--s 0000f000 08:02 6702295                    /home/andbrain/.gradle/wrapper/dists/gradle-2.7-all/4ryh47z6pv2tj9n03uiw8pzc6/gradle-2.7/lib/plugins/gradle-reporting-2.7.jar
7fba56ee7000-7fba56eec000 r--s 00037000 08:02 6702294                    /home/andbrain/.gradle/wrapper/dists/gradle-2.7-all/4ryh47z6pv2tj9n03uiw8pzc6/gradle-2.7/lib/plugins/gradle-diagnostics-2.7.jar
7fba56eec000-7fba56ef3000 r--s 00094000 08:02 6702293                    /home/andbrain/.gradle/wrapper/dists/gradle-2.7-all/4ryh47z6pv2tj9n03uiw8pzc6/gradle-2.7/lib/plugins/gradle-build-comparison-2.7.jar
7fba56ef3000-7fba56efa000 r--s 00035000 08:02 6702337                    /home/andbrain/.gradle/wrapper/dists/gradle-2.7-all/4ryh47z6pv2tj9n03uiw8pzc6/gradle-2.7/lib/plugins/simple-4.1.21.jar
7fba56efa000-7fba56f06000 r--s 00100000 08:02 6702335                    /home/andbrain/.gradle/wrapper/dists/gradle-2.7-all/4ryh47z6pv2tj9n03uiw8pzc6/gradle-2.7/lib/plugins/rhino-1.7R3.jar
7fba56f06000-7fba56f0a000 r--s 0001f000 08:02 6702292                    /home/andbrain/.gradle/wrapper/dists/gradle-2.7-all/4ryh47z6pv2tj9n03uiw8pzc6/gradle-2.7/lib/plugins/gradle-javascript-2.7.jar
7fba56f0a000-7fba56f0c000 r--s 0000e000 08:02 6702291                    /home/andbrain/.gradle/wrapper/dists/gradle-2.7-all/4ryh47z6pv2tj9n03uiw8pzc6/gradle-2.7/lib/plugins/gradle-ear-2.7.jar
7fba56f0c000-7fba56f13000 r--s 00038000 08:02 6702334                    /home/andbrain/.gradle/wrapper/dists/gradle-2.7-all/4ryh47z6pv2tj9n03uiw8pzc6/gradle-2.7/lib/plugins/bcpg-jdk15on-1.51.jar
7fba56f13000-7fba56f15000 r--s 0001d000 08:02 6702290                    /home/andbrain/.gradle/wrapper/dists/gradle-2.7-all/4ryh47z6pv2tj9n03uiw8pzc6/gradle-2.7/lib/plugins/gradle-signing-2.7.jar
7fba56f15000-7fba56f16000 r--s 00002000 08:02 6702333                    /home/andbrain/.gradle/wrapper/dists/gradle-2.7-all/4ryh47z6pv2tj9n03uiw8pzc6/gradle-2.7/lib/plugins/sonar-batch-bootstrapper-2.9.jar
7fba56f16000-7fba56f19000 r--s 00019000 08:02 6702289                    /home/andbrain/.gradle/wrapper/dists/gradle-2.7-all/4ryh47z6pv2tj9n03uiw8pzc6/gradle-2.7/lib/plugins/gradle-sonar-2.7.jar
7fba56f19000-7fba56f1b000 r--s 00013000 08:02 6702288                    /home/andbrain/.gradle/wrapper/dists/gradle-2.7-all/4ryh47z6pv2tj9n03uiw8pzc6/gradle-2.7/lib/plugins/gradle-scala-2.7.jar
7fba56f1b000-7fba56f1c000 r--s 0000e000 08:02 6702287                    /home/andbrain/.gradle/wrapper/dists/gradle-2.7-all/4ryh47z6pv2tj9n03uiw8pzc6/gradle-2.7/lib/plugins/gradle-announce-2.7.jar
7fba56f1c000-7fba56f29000 r--s 000bd000 08:02 6702286                    /home/andbrain/.gradle/wrapper/dists/gradle-2.7-all/4ryh47z6pv2tj9n03uiw8pzc6/gradle-2.7/lib/plugins/gradle-ide-2.7.jar
7fba56f29000-7fba56f2c000 r--s 0000c000 08:02 6702332                    /home/andbrain/.gradle/wrapper/dists/gradle-2.7-all/4ryh47z6pv2tj9n03uiw8pzc6/gradle-2.7/lib/plugins/pmaven-groovy-0.8-20100325.jar
7fba56f2c000-7fba56f2d000 r--s 00004000 08:02 6702331                    /home/andbrain/.gradle/wrapper/dists/gradle-2.7-all/4ryh47z6pv2tj9n03uiw8pzc6/gradle-2.7/lib/plugins/pmaven-common-0.8-20100325.jar
7fba56f2d000-7fba56f33000 r--s 00022000 08:02 6702285                    /home/andbrain/.gradle/wrapper/dists/gradle-2.7-all/4ryh47z6pv2tj9n03uiw8pzc6/gradle-2.7/lib/plugins/gradle-maven-2.7.jar
7fba56f33000-7fba56f4b000 r--s 0013b000 08:02 6702329                    /home/andbrain/.gradle/wrapper/dists/gradle-2.7-all/4ryh47z6pv2tj9n03uiw8pzc6/gradle-2.7/lib/plugins/bndlib-2.1.0.jar
7fba56f4b000-7fba56f4d000 r--s 00004000 08:02 6702284                    /home/andbrain/.gradle/wrapper/dists/gradle-2.7-all/4ryh47z6pv2tj9n03uiw8pzc6/gradle-2.7/lib/plugins/gradle-osgi-2.7.jar
7fba56f4d000-7fba56f4f000 r--s 00008000 08:02 6702283                    /home/andbrain/.gradle/wrapper/dists/gradle-2.7-all/4ryh47z6pv2tj9n03uiw8pzc6/gradle-2.7/lib/plugins/gradle-antlr-2.7.jar
7fba56f4f000-7fba56f52000 r--s 0001e000 08:02 6702357                    /home/andbrain/.gradle/wrapper/dists/gradle-2.7-all/4ryh47z6pv2tj9n03uiw8pzc6/gradle-2.7/lib/plugins/jsp-api-2.1-6.1.14.jar
7fba56f52000-7fba56f75000 r--s 00344000 08:02 6702356                    /home/andbrain/.gradle/wrapper/dists/gradle-2.7-all/4ryh47z6pv2tj9n03uiw8pzc6/gradle-2.7/lib/plugins/core-3.1.1.jar
7fba56f75000-7fba56f76000 r--s 00006000 08:02 6702355                    /home/andbrain/.gradle/wrapper/dists/gradle-2.7-all/4ryh47z6pv2tj9n03uiw8pzc6/gradle-2.7/lib/plugins/jetty-naming-6.1.25.jar
7fba56f76000-7fba56f77000 r--s 00002000 08:02 6702328                    /home/andbrain/.gradle/wrapper/dists/gradle-2.7-all/4ryh47z6pv2tj9n03uiw8pzc6/gradle-2.7/lib/plugins/geronimo-annotation_1.0_spec-1.0.jar
7fba56f77000-7fba56f79000 r--s 00002000 08:02 6702327                    /home/andbrain/.gradle/wrapper/dists/gradle-2.7-all/4ryh47z6pv2tj9n03uiw8pzc6/gradle-2.7/lib/plugins/jetty-annotations-6.1.25.jar
7fba56f79000-7fba56f8a000 r--s 000ea000 08:02 6702326                    /home/andbrain/.gradle/wrapper/dists/gradle-2.7-all/4ryh47z6pv2tj9n03uiw8pzc6/gradle-2.7/lib/plugins/jsp-2.1-6.1.14.jar
7fba56f8a000-7fba56f8c000 r--s 0000d000 08:02 6702325                    /home/andbrain/.gradle/wrapper/dists/gradle-2.7-all/4ryh47z6pv2tj9n03uiw8pzc6/gradle-2.7/lib/plugins/jetty-plus-6.1.25.jar
7fba56f8c000-7fba56f8e000 r--s 0001f000 08:02 6702324                    /home/andbrain/.gradle/wrapper/dists/gradle-2.7-all/4ryh47z6pv2tj9n03uiw8pzc6/gradle-2.7/lib/plugins/servlet-api-2.5-20081211.jar
7fba56f8e000-7fba56f92000 r--s 00028000 08:02 6702323                    /home/andbrain/.gradle/wrapper/dists/gradle-2.7-all/4ryh47z6pv2tj9n03uiw8pzc6/gradle-2.7/lib/plugins/jetty-util-6.1.25.jar
7fba56f92000-7fba56f99000 r--s 0007d000 08:02 6702322                    /home/andbrain/.gradle/wrapper/dists/gradle-2.7-all/4ryh47z6pv2tj9n03uiw8pzc6/gradle-2.7/lib/plugins/jetty-6.1.25.jar
7fba56f99000-7fba56f9b000 r--s 00009000 08:02 6702282                    /home/andbrain/.gradle/wrapper/dists/gradle-2.7-all/4ryh47z6pv2tj9n03uiw8pzc6/gradle-2.7/lib/plugins/gradle-jetty-2.7.jar
7fba56f9b000-7fba56fa1000 r--s 00041000 08:02 6702281                    /home/andbrain/.gradle/wrapper/dists/gradle-2.7-all/4ryh47z6pv2tj9n03uiw8pzc6/gradle-2.7/lib/plugins/gradle-code-quality-2.7.jar
7fba56fa1000-7fba56fa3000 r--s 00009000 08:02 6702387                    /home/andbrain/.gradle/wrapper/dists/gradle-2.7-all/4ryh47z6pv2tj9n03uiw8pzc6/gradle-2.7/lib/plugins/hamcrest-core-1.3.jar
7fba56fa3000-7fba56fa9000 r--s 00033000 08:02 6702354                    /home/andbrain/.gradle/wrapper/dists/gradle-2.7-all/4ryh47z6pv2tj9n03uiw8pzc6/gradle-2.7/lib/plugins/snakeyaml-1.6.jar
7fba56fa9000-7fba56fab000 r--s 00006000 08:02 6702353                    /home/andbrain/.gradle/wrapper/dists/gradle-2.7-all/4ryh47z6pv2tj9n03uiw8pzc6/gradle-2.7/lib/plugins/jcommander-1.12.jar
7fba56fab000-7fba56fb0000 r--s 00040000 08:02 6702352                    /home/andbrain/.gradle/wrapper/dists/gradle-2.7-all/4ryh47z6pv2tj9n03uiw8pzc6/gradle-2.7/lib/plugins/bsh-2.0b4.jar
7fba56fb0000-7fba56fb2000 r--s 00009000 08:02 6702321                    /home/andbrain/.gradle/wrapper/dists/gradle-2.7-all/4ryh47z6pv2tj9n03uiw8pzc6/gradle-2.7/lib/plugins/commons-cli-1.2.jar
7fba56fb2000-7fba56fbb000 r--s 00089000 08:02 6702320                    /home/andbrain/.gradle/wrapper/dists/gradle-2.7-all/4ryh47z6pv2tj9n03uiw8pzc6/gradle-2.7/lib/plugins/testng-6.3.1.jar
7fba56fbb000-7fba56fc3000 r--s 00045000 08:02 6702319                    /home/andbrain/.gradle/wrapper/dists/gradle-2.7-all/4ryh47z6pv2tj9n03uiw8pzc6/gradle-2.7/lib/plugins/junit-4.12.jar
7fba56fc3000-7fba56fcf000 r--s 0007b000 08:02 6702280                    /home/andbrain/.gradle/wrapper/dists/gradle-2.7-all/4ryh47z6pv2tj9n03uiw8pzc6/gradle-2.7/lib/plugins/gradle-plugins-2.7.jar
7fba56fcf000-7fba56fe7000 r--s 00115000 08:02 6702385                    /home/andbrain/.gradle/wrapper/dists/gradle-2.7-all/4ryh47z6pv2tj9n03uiw8pzc6/gradle-2.7/lib/plugins/xercesImpl-2.9.1.jar
7fba56fe7000-7fba56fef000 r--s 00028000 08:02 6702386                    /home/andbrain/.gradle/wrapper/dists/gradle-2.7-all/4ryh47z6pv2tj9n03uiw8pzc6/gradle-2.7/lib/plugins/xml-apis-1.3.04.jar
7fba56fef000-7fba56ff5000 r--s 0005b000 08:02 6702384                    /home/andbrain/.gradle/wrapper/dists/gradle-2.7-all/4ryh47z6pv2tj9n03uiw8pzc6/gradle-2.7/lib/plugins/jcifs-1.3.17.jar
7fba56ff5000-7fba56ffb000 r--s 00031000 08:02 6702383                    /home/andbrain/.gradle/wrapper/dists/gradle-2.7-all/4ryh47z6pv2tj9n03uiw8pzc6/gradle-2.7/lib/plugins/httpcore-4.2.2.jar
7fba56ffb000-7fba57001000 r--s 00033000 08:02 6702382                    /home/andbrain/.gradle/wrapper/dists/gradle-2.7-all/4ryh47z6pv2tj9n03uiw8pzc6/gradle-2.7/lib/plugins/commons-codec-1.6.jar
7fba57001000-7fba57004000 r--s 0001c000 08:02 6702340                    /home/andbrain/.gradle/wrapper/dists/gradle-2.7-all/4ryh47z6pv2tj9n03uiw8pzc6/gradle-2.7/lib/plugins/nekohtml-1.9.14.jar
7fba57004000-7fba5700d000 r--s 00060000 08:02 6702339                    /home/andbrain/.gradle/wrapper/dists/gradle-2.7-all/4ryh47z6pv2tj9n03uiw8pzc6/gradle-2.7/lib/plugins/httpclient-4.2.2.jar
7fba5700d000-7fba5700f000 r--s 00009000 08:02 6702313                    /home/andbrain/.gradle/wrapper/dists/gradle-2.7-all/4ryh47z6pv2tj9n03uiw8pzc6/gradle-2.7/lib/plugins/gradle-resources-http-2.7.jar
7fba5700f000-7fba57012000 r--s 00010000 08:02 6702312                    /home/andbrain/.gradle/wrapper/dists/gradle-2.7-all/4ryh47z6pv2tj9n03uiw8pzc6/gradle-2.7/lib/plugins/gradle-plugin-use-2.7.jar
7fba57012000-7fba57013000 r--s 00007000 08:02 6702381                    /home/andbrain/.gradle/wrapper/dists/gradle-2.7-all/4ryh47z6pv2tj9n03uiw8pzc6/gradle-2.7/lib/plugins/wagon-http-shared4-2.4.jar
7fba57013000-7fba57017000 r--s 00033000 08:02 6702380                    /home/andbrain/.gradle/wrapper/dists/gradle-2.7-all/4ryh47z6pv2tj9n03uiw8pzc6/gradle-2.7/lib/plugins/plexus-utils-2.0.6.jar
7fba57017000-7fba5701b000 r--s 00021000 08:02 6702379                    /home/andbrain/.gradle/wrapper/dists/gradle-2.7-all/4ryh47z6pv2tj9n03uiw8pzc6/gradle-2.7/lib/plugins/maven-model-builder-3.0.4.jar
7fba5701b000-7fba5701c000 r--s 00002000 08:02 6702378                    /home/andbrain/.gradle/wrapper/dists/gradle-2.7-all/4ryh47z6pv2tj9n03uiw8pzc6/gradle-2.7/lib/plugins/wagon-file-2.4.jar
7fba5701c000-7fba5701e000 r--s 00002000 08:02 6702377                    /home/andbrain/.gradle/wrapper/dists/gradle-2.7-all/4ryh47z6pv2tj9n03uiw8pzc6/gradle-2.7/lib/plugins/plexus-cipher-1.7.jar
7fba5701e000-7fba57021000 r--s 00013000 08:02 6702376                    /home/andbrain/.gradle/wrapper/dists/gradle-2.7-all/4ryh47z6pv2tj9n03uiw8pzc6/gradle-2.7/lib/plugins/aether-api-1.13.1.jar
7fba57021000-7fba57023000 r--s 0000a000 08:02 6702375                    /home/andbrain/.gradle/wrapper/dists/gradle-2.7-all/4ryh47z6pv2tj9n03uiw8pzc6/gradle-2.7/lib/plugins/maven-settings-3.0.4.jar
7fba57023000-7fba57025000 r--s 0000d000 08:02 6702374                    /home/andbrain/.gradle/wrapper/dists/gradle-2.7-all/4ryh47z6pv2tj9n03uiw8pzc6/gradle-2.7/lib/plugins/plexus-interpolation-1.14.jar
7fba57025000-7fba57027000 r--s 0000b000 08:02 6702373                    /home/andbrain/.gradle/wrapper/dists/gradle-2.7-all/4ryh47z6pv2tj9n03uiw8pzc6/gradle-2.7/lib/plugins/maven-artifact-3.0.4.jar
7fba57027000-7fba5702e000 r--s 0002e000 08:02 6702372                    /home/andbrain/.gradle/wrapper/dists/gradle-2.7-all/4ryh47z6pv2tj9n03uiw8pzc6/gradle-2.7/lib/plugins/plexus-container-default-1.5.5.jar
7fba5702e000-7fba57034000 r--s 0003f000 08:02 6702370                    /home/andbrain/.gradle/wrapper/dists/gradle-2.7-all/4ryh47z6pv2tj9n03uiw8pzc6/gradle-2.7/lib/plugins/maven-compat-3.0.4.jar
7fba57034000-7fba57038000 r-xp 00000000 08:02 1317013                    /home/andbrain/.gradle/native/19/linux-amd64/libnative-platform.so
7fba57038000-7fba57237000 ---p 00004000 08:02 1317013                    /home/andbrain/.gradle/native/19/linux-amd64/libnative-platform.so
7fba57237000-7fba57238000 rw-p 00003000 08:02 1317013                    /home/andbrain/.gradle/native/19/linux-amd64/libnative-platform.so
7fba57238000-7fba57249000 r-xp 00000000 08:02 6437649                    /usr/lib/jvm/java-7-openjdk-amd64/jre/lib/amd64/libnio.so
7fba57249000-7fba57448000 ---p 00011000 08:02 6437649                    /usr/lib/jvm/java-7-openjdk-amd64/jre/lib/amd64/libnio.so
7fba57448000-7fba57449000 r--p 00010000 08:02 6437649                    /usr/lib/jvm/java-7-openjdk-amd64/jre/lib/amd64/libnio.so
7fba57449000-7fba5744a000 rw-p 00011000 08:02 6437649                    /usr/lib/jvm/java-7-openjdk-amd64/jre/lib/amd64/libnio.so
7fba5744a000-7fba5774b000 rw-p 00000000 00:00 0 
7fba5774b000-7fba577b7000 r-xp 00000000 08:02 11692316                   /lib/x86_64-linux-gnu/libpcre.so.3.13.1
7fba577b7000-7fba579b6000 ---p 0006c000 08:02 11692316                   /lib/x86_64-linux-gnu/libpcre.so.3.13.1
7fba579b6000-7fba579b7000 r--p 0006b000 08:02 11692316                   /lib/x86_64-linux-gnu/libpcre.so.3.13.1
7fba579b7000-7fba579b8000 rw-p 0006c000 08:02 11692316                   /lib/x86_64-linux-gnu/libpcre.so.3.13.1
7fba579b8000-7fba579bf000 r-xp 00000000 08:02 3152002                    /usr/lib/x86_64-linux-gnu/libffi.so.6.0.4
7fba579bf000-7fba57bbe000 ---p 00007000 08:02 3152002                    /usr/lib/x86_64-linux-gnu/libffi.so.6.0.4
7fba57bbe000-7fba57bbf000 r--p 00006000 08:02 3152002                    /usr/lib/x86_64-linux-gnu/libffi.so.6.0.4
7fba57bbf000-7fba57bc0000 rw-p 00007000 08:02 3152002                    /usr/lib/x86_64-linux-gnu/libffi.so.6.0.4
7fba57bc0000-7fba57bd7000 r-xp 00000000 08:02 11688271                   /lib/x86_64-linux-gnu/libresolv-2.21.so
7fba57bd7000-7fba57dd7000 ---p 00017000 08:02 11688271                   /lib/x86_64-linux-gnu/libresolv-2.21.so
7fba57dd7000-7fba57dd9000 r--p 00017000 08:02 11688271                   /lib/x86_64-linux-gnu/libresolv-2.21.so
7fba57dd9000-7fba57dda000 rw-p 00019000 08:02 11688271                   /lib/x86_64-linux-gnu/libresolv-2.21.so
7fba57dda000-7fba57ddc000 rw-p 00000000 00:00 0 
7fba57ddc000-7fba57dfd000 r-xp 00000000 08:02 11692360                   /lib/x86_64-linux-gnu/libselinux.so.1
7fba57dfd000-7fba57ffc000 ---p 00021000 08:02 11692360                   /lib/x86_64-linux-gnu/libselinux.so.1
7fba57ffc000-7fba57ffd000 r--p 00020000 08:02 11692360                   /lib/x86_64-linux-gnu/libselinux.so.1
7fba57ffd000-7fba57ffe000 rw-p 00021000 08:02 11692360                   /lib/x86_64-linux-gnu/libselinux.so.1
7fba57ffe000-7fba58000000 rw-p 00000000 00:00 0 
7fba58000000-7fba58021000 rw-p 00000000 00:00 0 
7fba58021000-7fba5c000000 ---p 00000000 00:00 0 
7fba5c000000-7fba5c021000 rw-p 00000000 00:00 0 
7fba5c021000-7fba60000000 ---p 00000000 00:00 0 
7fba60000000-7fba61483000 rw-p 00000000 00:00 0 
7fba61483000-7fba64000000 ---p 00000000 00:00 0 
7fba64000000-7fba6484d000 rw-p 00000000 00:00 0 
7fba6484d000-7fba68000000 ---p 00000000 00:00 0 
7fba68000000-7fba68021000 rw-p 00000000 00:00 0 
7fba68021000-7fba6c000000 ---p 00000000 00:00 0 
7fba6c000000-7fba6c021000 rw-p 00000000 00:00 0 
7fba6c021000-7fba70000000 ---p 00000000 00:00 0 
7fba70000000-7fba70021000 rw-p 00000000 00:00 0 
7fba70021000-7fba74000000 ---p 00000000 00:00 0 
7fba74000000-7fba74021000 rw-p 00000000 00:00 0 
7fba74021000-7fba78000000 ---p 00000000 00:00 0 
7fba78000000-7fba78021000 rw-p 00000000 00:00 0 
7fba78021000-7fba7c000000 ---p 00000000 00:00 0 
7fba7c000000-7fba7c002000 r--s 0000b000 08:02 6702371                    /home/andbrain/.gradle/wrapper/dists/gradle-2.7-all/4ryh47z6pv2tj9n03uiw8pzc6/gradle-2.7/lib/plugins/maven-plugin-api-3.0.4.jar
7fba7c002000-7fba7c004000 r--s 00000000 08:02 6702388                    /home/andbrain/.gradle/wrapper/dists/gradle-2.7-all/4ryh47z6pv2tj9n03uiw8pzc6/gradle-2.7/lib/plugins/plexus-component-annotations-1.5.5.jar
7fba7c004000-7fba7c007000 r--s 00008000 08:02 6702369                    /home/andbrain/.gradle/wrapper/dists/gradle-2.7-all/4ryh47z6pv2tj9n03uiw8pzc6/gradle-2.7/lib/plugins/maven-settings-builder-3.0.4.jar
7fba7c007000-7fba7c008000 r--s 00002000 08:02 6702368                    /home/andbrain/.gradle/wrapper/dists/gradle-2.7-all/4ryh47z6pv2tj9n03uiw8pzc6/gradle-2.7/lib/plugins/wagon-http-2.4.jar
7fba7c008000-7fba7c00a000 r--s 00026000 08:02 6702367                    /home/andbrain/.gradle/wrapper/dists/gradle-2.7-all/4ryh47z6pv2tj9n03uiw8pzc6/gradle-2.7/lib/plugins/maven-model-3.0.4.jar
7fba7c00a000-7fba7c00c000 r--s 00006000 08:02 6702366                    /home/andbrain/.gradle/wrapper/dists/gradle-2.7-all/4ryh47z6pv2tj9n03uiw8pzc6/gradle-2.7/lib/plugins/aether-connector-wagon-1.13.1.jar
7fba7c00c000-7fba7c00e000 r--s 0000a000 08:02 6702365                    /home/andbrain/.gradle/wrapper/dists/gradle-2.7-all/4ryh47z6pv2tj9n03uiw8pzc6/gradle-2.7/lib/plugins/plexus-classworlds-2.4.jar
7fba7c00e000-7fba7c010000 r--s 00006000 08:02 6702364                    /home/andbrain/.gradle/wrapper/dists/gradle-2.7-all/4ryh47z6pv2tj9n03uiw8pzc6/gradle-2.7/lib/plugins/maven-repository-metadata-3.0.4.jar
7fba7c010000-7fba7c012000 r--s 0000c000 08:02 6702363                    /home/andbrain/.gradle/wrapper/dists/gradle-2.7-all/4ryh47z6pv2tj9n03uiw8pzc6/gradle-2.7/lib/plugins/maven-aether-provider-3.0.4.jar
7fba7c012000-7fba7c014000 r--s 0000b000 08:02 6702362                    /home/andbrain/.gradle/wrapper/dists/gradle-2.7-all/4ryh47z6pv2tj9n03uiw8pzc6/gradle-2.7/lib/plugins/wagon-provider-api-2.4.jar
7fba7c014000-7fba7c018000 r--s 0001c000 08:02 6702360                    /home/andbrain/.gradle/wrapper/dists/gradle-2.7-all/4ryh47z6pv2tj9n03uiw8pzc6/gradle-2.7/lib/plugins/aether-util-1.13.1.jar
7fba7c018000-7fba7c01b000 r--s 0001d000 08:02 6702359                    /home/andbrain/.gradle/wrapper/dists/gradle-2.7-all/4ryh47z6pv2tj9n03uiw8pzc6/gradle-2.7/lib/plugins/aether-impl-1.13.1.jar
7fba7c01b000-7fba7c01f000 r--s 0003d000 08:02 6702341                    /home/andbrain/.gradle/wrapper/dists/gradle-2.7-all/4ryh47z6pv2tj9n03uiw8pzc6/gradle-2.7/lib/plugins/jsch-0.1.51.jar
7fba7c01f000-7fba7c05f000 r--s 00277000 08:02 6702351                    /home/andbrain/.gradle/wrapper/dists/gradle-2.7-all/4ryh47z6pv2tj9n03uiw8pzc6/gradle-2.7/lib/plugins/bcprov-jdk15on-1.51.jar
7fba7c05f000-7fba7c063000 r--s 0001d000 08:02 6702350                    /home/andbrain/.gradle/wrapper/dists/gradle-2.7-all/4ryh47z6pv2tj9n03uiw8pzc6/gradle-2.7/lib/plugins/xbean-reflect-3.4.jar
7fba7c063000-7fba7c06f000 r--s 0007d000 08:02 6702330                    /home/andbrain/.gradle/wrapper/dists/gradle-2.7-all/4ryh47z6pv2tj9n03uiw8pzc6/gradle-2.7/lib/plugins/maven-core-3.0.4.jar
7fba7c06f000-7fba7c074000 r--s 0002a000 08:02 6702336                    /home/andbrain/.gradle/wrapper/dists/gradle-2.7-all/4ryh47z6pv2tj9n03uiw8pzc6/gradle-2.7/lib/plugins/gson-2.2.4.jar
7fba7c074000-7fba7c083000 r--s 000d9000 08:02 6702349                    /home/andbrain/.gradle/wrapper/dists/gradle-2.7-all/4ryh47z6pv2tj9n03uiw8pzc6/gradle-2.7/lib/plugins/ivy-2.2.0.jar
7fba7c083000-7fba7c086000 r-xp 00000000 08:02 3152277                    /usr/lib/x86_64-linux-gnu/libgmodule-2.0.so.0.4400.1
7fba7c086000-7fba7c285000 ---p 00003000 08:02 3152277                    /usr/lib/x86_64-linux-gnu/libgmodule-2.0.so.0.4400.1
7fba7c285000-7fba7c286000 r--p 00002000 08:02 3152277                    /usr/lib/x86_64-linux-gnu/libgmodule-2.0.so.0.4400.1
7fba7c286000-7fba7c287000 rw-p 00003000 08:02 3152277                    /usr/lib/x86_64-linux-gnu/libgmodule-2.0.so.0.4400.1
7fba7c287000-7fba7c394000 r-xp 00000000 08:02 11692364                   /lib/x86_64-linux-gnu/libglib-2.0.so.0.4400.1
7fba7c394000-7fba7c593000 ---p 0010d000 08:02 11692364                   /lib/x86_64-linux-gnu/libglib-2.0.so.0.4400.1
7fba7c593000-7fba7c594000 r--p 0010c000 08:02 11692364                   /lib/x86_64-linux-gnu/libglib-2.0.so.0.4400.1
7fba7c594000-7fba7c595000 rw-p 0010d000 08:02 11692364                   /lib/x86_64-linux-gnu/libglib-2.0.so.0.4400.1
7fba7c595000-7fba7c596000 rw-p 00000000 00:00 0 
7fba7c596000-7fba7c5e6000 r-xp 00000000 08:02 3152237                    /usr/lib/x86_64-linux-gnu/libgobject-2.0.so.0.4400.1
7fba7c5e6000-7fba7c7e6000 ---p 00050000 08:02 3152237                    /usr/lib/x86_64-linux-gnu/libgobject-2.0.so.0.4400.1
7fba7c7e6000-7fba7c7e7000 r--p 00050000 08:02 3152237                    /usr/lib/x86_64-linux-gnu/libgobject-2.0.so.0.4400.1
7fba7c7e7000-7fba7c7e8000 rw-p 00051000 08:02 3152237                    /usr/lib/x86_64-linux-gnu/libgobject-2.0.so.0.4400.1
7fba7c7e8000-7fba7c960000 r-xp 00000000 08:02 3152259                    /usr/lib/x86_64-linux-gnu/libgio-2.0.so.0.4400.1
7fba7c960000-7fba7cb60000 ---p 00178000 08:02 3152259                    /usr/lib/x86_64-linux-gnu/libgio-2.0.so.0.4400.1
7fba7cb60000-7fba7cb64000 r--p 00178000 08:02 3152259                    /usr/lib/x86_64-linux-gnu/libgio-2.0.so.0.4400.1
7fba7cb64000-7fba7cb66000 rw-p 0017c000 08:02 3152259                    /usr/lib/x86_64-linux-gnu/libgio-2.0.so.0.4400.1
7fba7cb66000-7fba7cb68000 rw-p 00000000 00:00 0 
7fba7cb68000-7fba7cb69000 r--s 00003000 08:02 6702361                    /home/andbrain/.gradle/wrapper/dists/gradle-2.7-all/4ryh47z6pv2tj9n03uiw8pzc6/gradle-2.7/lib/plugins/aether-spi-1.13.1.jar
7fba7cb69000-7fba7cb6a000 r--s 00006000 08:02 6702358                    /home/andbrain/.gradle/wrapper/dists/gradle-2.7-all/4ryh47z6pv2tj9n03uiw8pzc6/gradle-2.7/lib/plugins/plexus-sec-dispatcher-1.3.jar
7fba7cb6a000-7fba7cb86000 r--s 000ca000 08:02 6702317                    /home/andbrain/.gradle/wrapper/dists/gradle-2.7-all/4ryh47z6pv2tj9n03uiw8pzc6/gradle-2.7/lib/plugins/gradle-dependency-management-2.7.jar
7fba7cb86000-7fba7cb9d000 r-xp 00000000 08:02 6437644                    /usr/lib/jvm/java-7-openjdk-amd64/jre/lib/amd64/libnet.so
7fba7cb9d000-7fba7cd9c000 ---p 00017000 08:02 6437644                    /usr/lib/jvm/java-7-openjdk-amd64/jre/lib/amd64/libnet.so
7fba7cd9c000-7fba7cd9d000 r--p 00016000 08:02 6437644                    /usr/lib/jvm/java-7-openjdk-amd64/jre/lib/amd64/libnet.so
7fba7cd9d000-7fba7cd9e000 rw-p 00017000 08:02 6437644                    /usr/lib/jvm/java-7-openjdk-amd64/jre/lib/amd64/libnet.so
7fba7cd9e000-7fba7cd9f000 r--s 00006000 08:02 6701753                    /home/andbrain/.gradle/wrapper/dists/gradle-2.7-all/4ryh47z6pv2tj9n03uiw8pzc6/gradle-2.7/lib/gradle-wrapper-2.7.jar
7fba7cd9f000-7fba7cdab000 r--s 00039000 08:02 6702238                    /home/andbrain/.gradle/wrapper/dists/gradle-2.7-all/4ryh47z6pv2tj9n03uiw8pzc6/gradle-2.7/lib/gradle-tooling-api-2.7.jar
7fba7cdab000-7fba7cdb1000 r--s 00032000 08:02 6702262                    /home/andbrain/.gradle/wrapper/dists/gradle-2.7-all/4ryh47z6pv2tj9n03uiw8pzc6/gradle-2.7/lib/jaxen-1.1.jar
7fba7cdb1000-7fba7cdb6000 r--s 00048000 08:02 6702261                    /home/andbrain/.gradle/wrapper/dists/gradle-2.7-all/4ryh47z6pv2tj9n03uiw8pzc6/gradle-2.7/lib/dom4j-1.6.1.jar
7fba7cdb6000-7fba7cdc1000 r--s 00059000 08:02 6702237                    /home/andbrain/.gradle/wrapper/dists/gradle-2.7-all/4ryh47z6pv2tj9n03uiw8pzc6/gradle-2.7/lib/gradle-ui-2.7.jar
7fba7cdc1000-7fba7cdc4000 r--s 00008000 08:02 6702256                    /home/andbrain/.gradle/wrapper/dists/gradle-2.7-all/4ryh47z6pv2tj9n03uiw8pzc6/gradle-2.7/lib/gradle-resources-2.7.jar
7fba7cdc4000-7fba7ce30000 r--s 00689000 08:02 6702243                    /home/andbrain/.gradle/wrapper/dists/gradle-2.7-all/4ryh47z6pv2tj9n03uiw8pzc6/gradle-2.7/lib/groovy-all-2.3.10.jar
7fba7ce30000-7fba7ce31000 ---p 00000000 00:00 0 
7fba7ce31000-7fba7cf31000 rw-p 00000000 00:00 0                          [stack:6761]
7fba7cf31000-7fba7cf34000 ---p 00000000 00:00 0 
7fba7cf34000-7fba7d032000 rw-p 00000000 00:00 0                          [stack:6760]
7fba7d032000-7fba7d035000 ---p 00000000 00:00 0 
7fba7d035000-7fba7d133000 rw-p 00000000 00:00 0                          [stack:6759]
7fba7d133000-7fba7d136000 ---p 00000000 00:00 0 
7fba7d136000-7fba7d234000 rw-p 00000000 00:00 0                          [stack:6758]
7fba7d234000-7fba7d237000 ---p 00000000 00:00 0 
7fba7d237000-7fba7d335000 rw-p 00000000 00:00 0                          [stack:6757]
7fba7d335000-7fba7d5fe000 r--p 00000000 08:02 3155265                    /usr/lib/locale/locale-archive
7fba7d5fe000-7fba7d601000 ---p 00000000 00:00 0 
7fba7d601000-7fba7d6ff000 rw-p 00000000 00:00 0                          [stack:6756]
7fba7d6ff000-7fba7d702000 ---p 00000000 00:00 0 
7fba7d702000-7fba80000000 rw-p 00000000 00:00 0                          [stack:6755]
7fba80000000-7fba80021000 rw-p 00000000 00:00 0 
7fba80021000-7fba84000000 ---p 00000000 00:00 0 
7fba84000000-7fba84021000 rw-p 00000000 00:00 0 
7fba84021000-7fba88000000 ---p 00000000 00:00 0 
7fba88000000-7fba88021000 rw-p 00000000 00:00 0 
7fba88021000-7fba8c000000 ---p 00000000 00:00 0 
7fba8c000000-7fba8c002000 r--s 00002000 08:02 6702260                    /home/andbrain/.gradle/wrapper/dists/gradle-2.7-all/4ryh47z6pv2tj9n03uiw8pzc6/gradle-2.7/lib/gradle-open-api-2.7.jar
7fba8c002000-7fba8c004000 r--s 00007000 08:02 6702278                    /home/andbrain/.gradle/wrapper/dists/gradle-2.7-all/4ryh47z6pv2tj9n03uiw8pzc6/gradle-2.7/lib/objenesis-1.2.jar
7fba8c004000-7fba8c006000 r--s 00000000 08:02 6702277                    /home/andbrain/.gradle/wrapper/dists/gradle-2.7-all/4ryh47z6pv2tj9n03uiw8pzc6/gradle-2.7/lib/minlog-1.2.jar
7fba8c006000-7fba8c008000 r--s 0000f000 08:02 6702276                    /home/andbrain/.gradle/wrapper/dists/gradle-2.7-all/4ryh47z6pv2tj9n03uiw8pzc6/gradle-2.7/lib/reflectasm-1.07-shaded.jar
7fba8c008000-7fba8c00c000 r--s 00026000 08:02 6702267                    /home/andbrain/.gradle/wrapper/dists/gradle-2.7-all/4ryh47z6pv2tj9n03uiw8pzc6/gradle-2.7/lib/kryo-2.20.jar
7fba8c00c000-7fba8c015000 r--s 0003f000 08:02 6702255                    /home/andbrain/.gradle/wrapper/dists/gradle-2.7-all/4ryh47z6pv2tj9n03uiw8pzc6/gradle-2.7/lib/gradle-messaging-2.7.jar
7fba8c015000-7fba8c016000 r--s 00003000 08:02 6702275                    /home/andbrain/.gradle/wrapper/dists/gradle-2.7-all/4ryh47z6pv2tj9n03uiw8pzc6/gradle-2.7/lib/native-platform-freebsd-amd64-0.10.jar
7fba8c016000-7fba8c017000 r--s 00003000 08:02 6702274                    /home/andbrain/.gradle/wrapper/dists/gradle-2.7-all/4ryh47z6pv2tj9n03uiw8pzc6/gradle-2.7/lib/native-platform-freebsd-i386-0.10.jar
7fba8c017000-7fba8c018000 r--s 00005000 08:02 6702273                    /home/andbrain/.gradle/wrapper/dists/gradle-2.7-all/4ryh47z6pv2tj9n03uiw8pzc6/gradle-2.7/lib/native-platform-windows-i386-0.10.jar
7fba8c018000-7fba8c019000 r--s 00005000 08:02 6702272                    /home/andbrain/.gradle/wrapper/dists/gradle-2.7-all/4ryh47z6pv2tj9n03uiw8pzc6/gradle-2.7/lib/native-platform-windows-amd64-0.10.jar
7fba8c019000-7fba8c01a000 r--s 00003000 08:02 6702271                    /home/andbrain/.gradle/wrapper/dists/gradle-2.7-all/4ryh47z6pv2tj9n03uiw8pzc6/gradle-2.7/lib/native-platform-linux-i386-0.10.jar
7fba8c01a000-7fba8c01b000 r--s 00003000 08:02 6702270                    /home/andbrain/.gradle/wrapper/dists/gradle-2.7-all/4ryh47z6pv2tj9n03uiw8pzc6/gradle-2.7/lib/native-platform-linux-amd64-0.10.jar
7fba8c01b000-7fba8c01c000 r--s 00002000 08:02 6702269                    /home/andbrain/.gradle/wrapper/dists/gradle-2.7-all/4ryh47z6pv2tj9n03uiw8pzc6/gradle-2.7/lib/native-platform-osx-amd64-0.10.jar
7fba8c01c000-7fba8c01d000 r--s 00002000 08:02 6702268                    /home/andbrain/.gradle/wrapper/dists/gradle-2.7-all/4ryh47z6pv2tj9n03uiw8pzc6/gradle-2.7/lib/native-platform-osx-i386-0.10.jar
7fba8c01d000-7fba8c01f000 r--s 00008000 08:02 6702265                    /home/andbrain/.gradle/wrapper/dists/gradle-2.7-all/4ryh47z6pv2tj9n03uiw8pzc6/gradle-2.7/lib/jansi-1.2.1.jar
7fba8c01f000-7fba8c022000 r--s 0000d000 08:02 6702264                    /home/andbrain/.gradle/wrapper/dists/gradle-2.7-all/4ryh47z6pv2tj9n03uiw8pzc6/gradle-2.7/lib/native-platform-0.10.jar
7fba8c022000-7fba8c026000 r--s 000e4000 08:02 6702263                    /home/andbrain/.gradle/wrapper/dists/gradle-2.7-all/4ryh47z6pv2tj9n03uiw8pzc6/gradle-2.7/lib/jna-3.2.7.jar
7fba8c026000-7fba8c028000 r--s 00008000 08:02 6702239                    /home/andbrain/.gradle/wrapper/dists/gradle-2.7-all/4ryh47z6pv2tj9n03uiw8pzc6/gradle-2.7/lib/gradle-native-2.7.jar
7fba8c028000-7fba8c02a000 r--s 00005000 08:02 6701775                    /home/andbrain/.gradle/wrapper/dists/gradle-2.7-all/4ryh47z6pv2tj9n03uiw8pzc6/gradle-2.7/lib/gradle-cli-2.7.jar
7fba8c02a000-7fba8c02b000 r--s 00007000 08:02 6702245                    /home/andbrain/.gradle/wrapper/dists/gradle-2.7-all/4ryh47z6pv2tj9n03uiw8pzc6/gradle-2.7/lib/gradle-model-groovy-2.7.jar
7fba8c02b000-7fba8c02c000 r--s 00006000 08:02 6702254                    /home/andbrain/.gradle/wrapper/dists/gradle-2.7-all/4ryh47z6pv2tj9n03uiw8pzc6/gradle-2.7/lib/gradle-base-services-groovy-2.7.jar
7fba8c02c000-7fba8c036000 r--s 00057000 08:02 6702244                    /home/andbrain/.gradle/wrapper/dists/gradle-2.7-all/4ryh47z6pv2tj9n03uiw8pzc6/gradle-2.7/lib/gradle-model-core-2.7.jar
7fba8c036000-7fba8c037000 r--s 00000000 08:02 6702257                    /home/andbrain/.gradle/wrapper/dists/gradle-2.7-all/4ryh47z6pv2tj9n03uiw8pzc6/gradle-2.7/lib/gradle-docs-2.7.jar
7fba8c037000-7fba8c039000 r--s 00003000 08:02 6702259                    /home/andbrain/.gradle/wrapper/dists/gradle-2.7-all/4ryh47z6pv2tj9n03uiw8pzc6/gradle-2.7/lib/jcl-over-slf4j-1.7.10.jar
7fba8c039000-7fba8c03a000 r--s 00005000 08:02 6702258                    /home/andbrain/.gradle/wrapper/dists/gradle-2.7-all/4ryh47z6pv2tj9n03uiw8pzc6/gradle-2.7/lib/log4j-over-slf4j-1.7.10.jar
7fba8c03a000-7fba8c03b000 r--s 00000000 08:02 6702253                    /home/andbrain/.gradle/wrapper/dists/gradle-2.7-all/4ryh47z6pv2tj9n03uiw8pzc6/gradle-2.7/lib/javax.inject-1.jar
7fba8c03b000-7fba8c03e000 r--s 0001b000 08:02 6702252                    /home/andbrain/.gradle/wrapper/dists/gradle-2.7-all/4ryh47z6pv2tj9n03uiw8pzc6/gradle-2.7/lib/jarjar-1.3.jar
7fba8c03e000-7fba8c040000 r--s 00000000 08:02 6702251                    /home/andbrain/.gradle/wrapper/dists/gradle-2.7-all/4ryh47z6pv2tj9n03uiw8pzc6/gradle-2.7/lib/jul-to-slf4j-1.7.10.jar
7fba8c040000-7fba8c04e000 r--s 0007f000 08:02 6702248                    /home/andbrain/.gradle/wrapper/dists/gradle-2.7-all/4ryh47z6pv2tj9n03uiw8pzc6/gradle-2.7/lib/commons-collections-3.2.1.jar
7fba8c04e000-7fba8c053000 r--s 00036000 08:02 6702246                    /home/andbrain/.gradle/wrapper/dists/gradle-2.7-all/4ryh47z6pv2tj9n03uiw8pzc6/gradle-2.7/lib/asm-all-5.0.3.jar
7fba8c053000-7fba8c07b000 r--s 001cf000 08:02 6702241                    /home/andbrain/.gradle/wrapper/dists/gradle-2.7-all/4ryh47z6pv2tj9n03uiw8pzc6/gradle-2.7/lib/guava-jdk5-17.0.jar
7fba8c07b000-7fba8c09a000 r--s 001cc000 08:02 6702247                    /home/andbrain/.gradle/wrapper/dists/gradle-2.7-all/4ryh47z6pv2tj9n03uiw8pzc6/gradle-2.7/lib/ant-1.9.3.jar
7fba8c09a000-7fba8c0d0000 r--s 001b5000 08:02 6701774                    /home/andbrain/.gradle/wrapper/dists/gradle-2.7-all/4ryh47z6pv2tj9n03uiw8pzc6/gradle-2.7/lib/gradle-core-2.7.jar
7fba8c0d0000-7fba8c0d1000 ---p 00000000 00:00 0 
7fba8c0d1000-7fba8d000000 rw-p 00000000 00:00 0                          [stack:6754]
7fba8d000000-7fba8d270000 rwxp 00000000 00:00 0 
7fba8d270000-7fba90a95000 rw-p 00000000 00:00 0 
7fba90a95000-7fba94000000 ---p 00000000 00:00 0 
7fba94000000-7fba94001000 r--s 00000000 08:02 6702250                    /home/andbrain/.gradle/wrapper/dists/gradle-2.7-all/4ryh47z6pv2tj9n03uiw8pzc6/gradle-2.7/lib/jcip-annotations-1.0.jar
7fba94001000-7fba94004000 r--s 00018000 08:02 6702249                    /home/andbrain/.gradle/wrapper/dists/gradle-2.7-all/4ryh47z6pv2tj9n03uiw8pzc6/gradle-2.7/lib/commons-io-1.4.jar
7fba94004000-7fba94009000 r--s 00041000 08:02 6702242                    /home/andbrain/.gradle/wrapper/dists/gradle-2.7-all/4ryh47z6pv2tj9n03uiw8pzc6/gradle-2.7/lib/commons-lang-2.6.jar
7fba94009000-7fba9400a000 r--s 00007000 08:02 6702240                    /home/andbrain/.gradle/wrapper/dists/gradle-2.7-all/4ryh47z6pv2tj9n03uiw8pzc6/gradle-2.7/lib/slf4j-api-1.7.10.jar
7fba9400a000-7fba9400b000 r--s 00004000 08:02 6702266                    /home/andbrain/.gradle/wrapper/dists/gradle-2.7-all/4ryh47z6pv2tj9n03uiw8pzc6/gradle-2.7/lib/ant-launcher-1.9.3.jar
7fba9400b000-7fba94011000 r--s 00032000 08:02 6701773                    /home/andbrain/.gradle/wrapper/dists/gradle-2.7-all/4ryh47z6pv2tj9n03uiw8pzc6/gradle-2.7/lib/gradle-base-services-2.7.jar
7fba94011000-7fba9401b000 r--s 0004a000 08:02 6701752                    /home/andbrain/.gradle/wrapper/dists/gradle-2.7-all/4ryh47z6pv2tj9n03uiw8pzc6/gradle-2.7/lib/gradle-launcher-2.7.jar
7fba9401b000-7fba941e9000 rw-p 00000000 00:00 0 
7fba941e9000-7fba9439a000 r--s 01d29000 08:02 6437582                    /usr/lib/jvm/java-7-openjdk-amd64/jre/lib/rt.jar
7fba9439a000-7fba94713000 rw-p 00000000 00:00 0 
7fba94713000-7fba94714000 ---p 00000000 00:00 0 
7fba94714000-7fba94814000 rw-p 00000000 00:00 0                          [stack:6753]
7fba94814000-7fba94815000 ---p 00000000 00:00 0 
7fba94815000-7fba94915000 rw-p 00000000 00:00 0                          [stack:6752]
7fba94915000-7fba94916000 ---p 00000000 00:00 0 
7fba94916000-7fba94a16000 rw-p 00000000 00:00 0                          [stack:6751]
7fba94a16000-7fba94a17000 ---p 00000000 00:00 0 
7fba94a17000-7fba94b25000 rw-p 00000000 00:00 0                          [stack:6750]
7fba94b25000-7fba94b97000 rw-p 00000000 00:00 0 
7fba94b97000-7fba94bac000 rw-p 00000000 00:00 0 
7fba94bac000-7fba94ced000 rw-p 00000000 00:00 0 
7fba94ced000-7fba94cfb000 rw-p 00000000 00:00 0 
7fba94cfb000-7fba94d6d000 rw-p 00000000 00:00 0 
7fba94d6d000-7fba94d82000 rw-p 00000000 00:00 0 
7fba94d82000-7fba94ec2000 rw-p 00000000 00:00 0 
7fba94ec2000-7fba94f0b000 rw-p 00000000 00:00 0 
7fba94f0b000-7fba94f6d000 rw-p 00000000 00:00 0 
7fba94f6d000-7fba94f6e000 rw-p 00000000 00:00 0 
7fba94f6e000-7fba94f76000 r-xp 00000000 08:02 6437615                    /usr/lib/jvm/java-7-openjdk-amd64/jre/lib/amd64/libzip.so
7fba94f76000-7fba95175000 ---p 00008000 08:02 6437615                    /usr/lib/jvm/java-7-openjdk-amd64/jre/lib/amd64/libzip.so
7fba95175000-7fba95176000 r--p 00007000 08:02 6437615                    /usr/lib/jvm/java-7-openjdk-amd64/jre/lib/amd64/libzip.so
7fba95176000-7fba95177000 rw-p 00008000 08:02 6437615                    /usr/lib/jvm/java-7-openjdk-amd64/jre/lib/amd64/libzip.so
7fba95177000-7fba95183000 r-xp 00000000 08:02 11688272                   /lib/x86_64-linux-gnu/libnss_files-2.21.so
7fba95183000-7fba95382000 ---p 0000c000 08:02 11688272                   /lib/x86_64-linux-gnu/libnss_files-2.21.so
7fba95382000-7fba95383000 r--p 0000b000 08:02 11688272                   /lib/x86_64-linux-gnu/libnss_files-2.21.so
7fba95383000-7fba95384000 rw-p 0000c000 08:02 11688272                   /lib/x86_64-linux-gnu/libnss_files-2.21.so
7fba95384000-7fba9538f000 r-xp 00000000 08:02 11688260                   /lib/x86_64-linux-gnu/libnss_nis-2.21.so
7fba9538f000-7fba9558e000 ---p 0000b000 08:02 11688260                   /lib/x86_64-linux-gnu/libnss_nis-2.21.so
7fba9558e000-7fba9558f000 r--p 0000a000 08:02 11688260                   /lib/x86_64-linux-gnu/libnss_nis-2.21.so
7fba9558f000-7fba95590000 rw-p 0000b000 08:02 11688260                   /lib/x86_64-linux-gnu/libnss_nis-2.21.so
7fba95590000-7fba955a7000 r-xp 00000000 08:02 11692266                   /lib/x86_64-linux-gnu/libnsl-2.21.so
7fba955a7000-7fba957a6000 ---p 00017000 08:02 11692266                   /lib/x86_64-linux-gnu/libnsl-2.21.so
7fba957a6000-7fba957a7000 r--p 00016000 08:02 11692266                   /lib/x86_64-linux-gnu/libnsl-2.21.so
7fba957a7000-7fba957a8000 rw-p 00017000 08:02 11692266                   /lib/x86_64-linux-gnu/libnsl-2.21.so
7fba957a8000-7fba957aa000 rw-p 00000000 00:00 0 
7fba957aa000-7fba957b2000 r-xp 00000000 08:02 11688274                   /lib/x86_64-linux-gnu/libnss_compat-2.21.so
7fba957b2000-7fba959b1000 ---p 00008000 08:02 11688274                   /lib/x86_64-linux-gnu/libnss_compat-2.21.so
7fba959b1000-7fba959b2000 r--p 00007000 08:02 11688274                   /lib/x86_64-linux-gnu/libnss_compat-2.21.so
7fba959b2000-7fba959b3000 rw-p 00008000 08:02 11688274                   /lib/x86_64-linux-gnu/libnss_compat-2.21.so
7fba959b3000-7fba959e0000 r-xp 00000000 08:02 6437652                    /usr/lib/jvm/java-7-openjdk-amd64/jre/lib/amd64/libjava.so
7fba959e0000-7fba95bdf000 ---p 0002d000 08:02 6437652                    /usr/lib/jvm/java-7-openjdk-amd64/jre/lib/amd64/libjava.so
7fba95bdf000-7fba95be0000 r--p 0002c000 08:02 6437652                    /usr/lib/jvm/java-7-openjdk-amd64/jre/lib/amd64/libjava.so
7fba95be0000-7fba95be2000 rw-p 0002d000 08:02 6437652                    /usr/lib/jvm/java-7-openjdk-amd64/jre/lib/amd64/libjava.so
7fba95be2000-7fba95bf1000 r-xp 00000000 08:02 6437633                    /usr/lib/jvm/java-7-openjdk-amd64/jre/lib/amd64/libverify.so
7fba95bf1000-7fba95df0000 ---p 0000f000 08:02 6437633                    /usr/lib/jvm/java-7-openjdk-amd64/jre/lib/amd64/libverify.so
7fba95df0000-7fba95df3000 r--p 0000e000 08:02 6437633                    /usr/lib/jvm/java-7-openjdk-amd64/jre/lib/amd64/libverify.so
7fba95df3000-7fba95df4000 rw-p 00011000 08:02 6437633                    /usr/lib/jvm/java-7-openjdk-amd64/jre/lib/amd64/libverify.so
7fba95df4000-7fba95dfb000 r-xp 00000000 08:02 11692267                   /lib/x86_64-linux-gnu/librt-2.21.so
7fba95dfb000-7fba95ffa000 ---p 00007000 08:02 11692267                   /lib/x86_64-linux-gnu/librt-2.21.so
7fba95ffa000-7fba95ffb000 r--p 00006000 08:02 11692267                   /lib/x86_64-linux-gnu/librt-2.21.so
7fba95ffb000-7fba95ffc000 rw-p 00007000 08:02 11692267                   /lib/x86_64-linux-gnu/librt-2.21.so
7fba95ffc000-7fba96012000 r-xp 00000000 08:02 11692303                   /lib/x86_64-linux-gnu/libgcc_s.so.1
7fba96012000-7fba96211000 ---p 00016000 08:02 11692303                   /lib/x86_64-linux-gnu/libgcc_s.so.1
7fba96211000-7fba96212000 rw-p 00015000 08:02 11692303                   /lib/x86_64-linux-gnu/libgcc_s.so.1
7fba96212000-7fba96319000 r-xp 00000000 08:02 11692265                   /lib/x86_64-linux-gnu/libm-2.21.so
7fba96319000-7fba96518000 ---p 00107000 08:02 11692265                   /lib/x86_64-linux-gnu/libm-2.21.so
7fba96518000-7fba96519000 r--p 00106000 08:02 11692265                   /lib/x86_64-linux-gnu/libm-2.21.so
7fba96519000-7fba9651a000 rw-p 00107000 08:02 11692265                   /lib/x86_64-linux-gnu/libm-2.21.so
7fba9651a000-7fba9660a000 r-xp 00000000 08:02 3151927                    /usr/lib/x86_64-linux-gnu/libstdc++.so.6.0.20
7fba9660a000-7fba9680a000 ---p 000f0000 08:02 3151927                    /usr/lib/x86_64-linux-gnu/libstdc++.so.6.0.20
7fba9680a000-7fba96812000 r--p 000f0000 08:02 3151927                    /usr/lib/x86_64-linux-gnu/libstdc++.so.6.0.20
7fba96812000-7fba96814000 rw-p 000f8000 08:02 3151927                    /usr/lib/x86_64-linux-gnu/libstdc++.so.6.0.20
7fba96814000-7fba96829000 rw-p 00000000 00:00 0 
7fba96829000-7fba97381000 r-xp 00000000 08:02 6437621                    /usr/lib/jvm/java-7-openjdk-amd64/jre/lib/amd64/server/libjvm.so
7fba97381000-7fba97580000 ---p 00b58000 08:02 6437621                    /usr/lib/jvm/java-7-openjdk-amd64/jre/lib/amd64/server/libjvm.so
7fba97580000-7fba9761f000 r--p 00b57000 08:02 6437621                    /usr/lib/jvm/java-7-openjdk-amd64/jre/lib/amd64/server/libjvm.so
7fba9761f000-7fba97642000 rw-p 00bf6000 08:02 6437621                    /usr/lib/jvm/java-7-openjdk-amd64/jre/lib/amd64/server/libjvm.so
7fba97642000-7fba9766f000 rw-p 00000000 00:00 0 
7fba9766f000-7fba97688000 r-xp 00000000 08:02 11692288                   /lib/x86_64-linux-gnu/libz.so.1.2.8
7fba97688000-7fba97888000 ---p 00019000 08:02 11692288                   /lib/x86_64-linux-gnu/libz.so.1.2.8
7fba97888000-7fba97889000 r--p 00019000 08:02 11692288                   /lib/x86_64-linux-gnu/libz.so.1.2.8
7fba97889000-7fba9788a000 rw-p 0001a000 08:02 11692288                   /lib/x86_64-linux-gnu/libz.so.1.2.8
7fba9788a000-7fba978a2000 r-xp 00000000 08:02 11688269                   /lib/x86_64-linux-gnu/libpthread-2.21.so
7fba978a2000-7fba97aa2000 ---p 00018000 08:02 11688269                   /lib/x86_64-linux-gnu/libpthread-2.21.so
7fba97aa2000-7fba97aa3000 r--p 00018000 08:02 11688269                   /lib/x86_64-linux-gnu/libpthread-2.21.so
7fba97aa3000-7fba97aa4000 rw-p 00019000 08:02 11688269                   /lib/x86_64-linux-gnu/libpthread-2.21.so
7fba97aa4000-7fba97aa8000 rw-p 00000000 00:00 0 
7fba97aa8000-7fba97aab000 r-xp 00000000 08:02 11688265                   /lib/x86_64-linux-gnu/libdl-2.21.so
7fba97aab000-7fba97caa000 ---p 00003000 08:02 11688265                   /lib/x86_64-linux-gnu/libdl-2.21.so
7fba97caa000-7fba97cab000 r--p 00002000 08:02 11688265                   /lib/x86_64-linux-gnu/libdl-2.21.so
7fba97cab000-7fba97cac000 rw-p 00003000 08:02 11688265                   /lib/x86_64-linux-gnu/libdl-2.21.so
7fba97cac000-7fba97e6c000 r-xp 00000000 08:02 11692272                   /lib/x86_64-linux-gnu/libc-2.21.so
7fba97e6c000-7fba9806c000 ---p 001c0000 08:02 11692272                   /lib/x86_64-linux-gnu/libc-2.21.so
7fba9806c000-7fba98070000 r--p 001c0000 08:02 11692272                   /lib/x86_64-linux-gnu/libc-2.21.so
7fba98070000-7fba98072000 rw-p 001c4000 08:02 11692272                   /lib/x86_64-linux-gnu/libc-2.21.so
7fba98072000-7fba98076000 rw-p 00000000 00:00 0 
7fba98076000-7fba98083000 r-xp 00000000 08:02 6437618                    /usr/lib/jvm/java-7-openjdk-amd64/jre/lib/amd64/jli/libjli.so
7fba98083000-7fba98282000 ---p 0000d000 08:02 6437618                    /usr/lib/jvm/java-7-openjdk-amd64/jre/lib/amd64/jli/libjli.so
7fba98282000-7fba98283000 r--p 0000c000 08:02 6437618                    /usr/lib/jvm/java-7-openjdk-amd64/jre/lib/amd64/jli/libjli.so
7fba98283000-7fba98284000 rw-p 0000d000 08:02 6437618                    /usr/lib/jvm/java-7-openjdk-amd64/jre/lib/amd64/jli/libjli.so
7fba98284000-7fba982a8000 r-xp 00000000 08:02 11688268                   /lib/x86_64-linux-gnu/ld-2.21.so
7fba982a8000-7fba982cb000 rw-p 00000000 00:00 0 
7fba982cb000-7fba98381000 rw-p 00000000 00:00 0 
7fba98381000-7fba98384000 ---p 00000000 00:00 0 
7fba98384000-7fba98487000 rw-p 00000000 00:00 0                          [stack:6748]
7fba98487000-7fba9848b000 r--s 00085000 08:02 6437599                    /usr/lib/jvm/java-7-openjdk-amd64/jre/lib/ext/localedata.jar
7fba9848b000-7fba9848d000 r--s 00012000 08:02 6437604                    /usr/lib/jvm/java-7-openjdk-amd64/jre/lib/ext/zipfs.jar
7fba9848d000-7fba9848f000 r--s 00006000 08:02 3549687                    /usr/share/java/java-atk-wrapper.jar
7fba9848f000-7fba98492000 r--s 0000f000 08:02 6437603                    /usr/lib/jvm/java-7-openjdk-amd64/jre/lib/ext/icedtea-sound.jar
7fba98492000-7fba98496000 r--s 00034000 08:02 6437601                    /usr/lib/jvm/java-7-openjdk-amd64/jre/lib/ext/sunjce_provider.jar
7fba98496000-7fba98497000 r--s 00002000 08:02 6437600                    /usr/lib/jvm/java-7-openjdk-amd64/jre/lib/ext/dnsns.jar
7fba98497000-7fba9849b000 r--s 0003c000 08:02 6437602                    /usr/lib/jvm/java-7-openjdk-amd64/jre/lib/ext/sunpkcs11.jar
7fba9849b000-7fba984a3000 rw-s 00000000 08:02 4868759                    /tmp/hsperfdata_andbrain/6746
7fba984a3000-7fba984a4000 rw-p 00000000 00:00 0 
7fba984a4000-7fba984a5000 r--p 00000000 00:00 0 
7fba984a5000-7fba984a7000 rw-p 00000000 00:00 0 
7fba984a7000-7fba984a8000 r--p 00023000 08:02 11688268                   /lib/x86_64-linux-gnu/ld-2.21.so
7fba984a8000-7fba984a9000 rw-p 00024000 08:02 11688268                   /lib/x86_64-linux-gnu/ld-2.21.so
7fba984a9000-7fba984aa000 rw-p 00000000 00:00 0 
7ffc250b5000-7ffc250d6000 rw-p 00000000 00:00 0                          [stack]
7ffc250e3000-7ffc250e5000 r--p 00000000 00:00 0                          [vvar]
7ffc250e5000-7ffc250e7000 r-xp 00000000 00:00 0                          [vdso]
ffffffffff600000-ffffffffff601000 r-xp 00000000 00:00 0                  [vsyscall]

VM Arguments:
jvm_args: -XX:MaxPermSize=256m -XX:+HeapDumpOnOutOfMemoryError -Xmx1024m -Dfile.encoding=UTF-8 -Duser.country=NG -Duser.language=en -Duser.variant 
java_command: org.gradle.launcher.daemon.bootstrap.GradleDaemon 2.7
Launcher Type: SUN_STANDARD

Environment Variables:
PATH=/usr/local/sbin:/usr/local/bin:/usr/sbin:/usr/bin:/sbin:/bin:/usr/games:/usr/local/games
LD_LIBRARY_PATH=/home/andbrain/Desktop/android-studio/bin:
SHELL=/bin/bash
DISPLAY=:0

Signal Handlers:
SIGSEGV: [libjvm.so+0x98ac50], sa_mask[0]=0x7ffbfeff, sa_flags=0x10000004
SIGBUS: [libjvm.so+0x98ac50], sa_mask[0]=0x7ffbfeff, sa_flags=0x10000004
SIGFPE: [libjvm.so+0x7f8ab0], sa_mask[0]=0x7ffbfeff, sa_flags=0x10000004
SIGPIPE: [libjvm.so+0x7f8ab0], sa_mask[0]=0x7ffbfeff, sa_flags=0x10000004
SIGXFSZ: [libjvm.so+0x7f8ab0], sa_mask[0]=0x7ffbfeff, sa_flags=0x10000004
SIGILL: [libjvm.so+0x7f8ab0], sa_mask[0]=0x7ffbfeff, sa_flags=0x10000004
SIGUSR1: SIG_DFL, sa_mask[0]=0x00000000, sa_flags=0x00000000
SIGUSR2: [libjvm.so+0x7f8930], sa_mask[0]=0x00000004, sa_flags=0x10000004
SIGHUP: [libjvm.so+0x7f8b30], sa_mask[0]=0x7ffbfeff, sa_flags=0x10000004
SIGINT: [libjvm.so+0x7f8b30], sa_mask[0]=0x7ffbfeff, sa_flags=0x10000004
SIGTERM: [libjvm.so+0x7f8b30], sa_mask[0]=0x7ffbfeff, sa_flags=0x10000004
SIGQUIT: [libjvm.so+0x7f8b30], sa_mask[0]=0x7ffbfeff, sa_flags=0x10000004
SIGTRAP: SIG_DFL, sa_mask[0]=0x00000000, sa_flags=0x00000000


---------------  S Y S T E M  ---------------

OS:Ubuntu 15.04 (vivid)
uname:Linux 3.19.0-30-generic #34-Ubuntu SMP Fri Oct 2 22:08:41 UTC 2015 x86_64
libc:glibc 2.21 NPTL 2.21 
rlimit: STACK 8192k, CORE 0k, NPROC 14787, NOFILE 65536, AS infinity
load average:3.91 2.91 2.26

/proc/meminfo:
MemTotal:        4008576 kB
MemFree:          252812 kB
MemAvailable:     825624 kB
Buffers:           43676 kB
Cached:           780104 kB
SwapCached:       111956 kB
Active:          2282884 kB
Inactive:        1082048 kB
Active(anon):    1935236 kB
Inactive(anon):   718028 kB
Active(file):     347648 kB
Inactive(file):   364020 kB
Unevictable:          32 kB
Mlocked:              32 kB
SwapTotal:       4156412 kB
SwapFree:        3167572 kB
Dirty:               300 kB
Writeback:             0 kB
AnonPages:       2439376 kB
Mapped:           526084 kB
Shmem:            111840 kB
Slab:             101724 kB
SReclaimable:      60172 kB
SUnreclaim:        41552 kB
KernelStack:        9952 kB
PageTables:        36268 kB
NFS_Unstable:          0 kB
Bounce:                0 kB
WritebackTmp:          0 kB
CommitLimit:     6160700 kB
Committed_AS:    8805964 kB
VmallocTotal:   34359738367 kB
VmallocUsed:      119312 kB
VmallocChunk:   34359613820 kB
HardwareCorrupted:     0 kB
AnonHugePages:   1345536 kB
CmaTotal:              0 kB
CmaFree:               0 kB
HugePages_Total:       0
HugePages_Free:        0
HugePages_Rsvd:        0
HugePages_Surp:        0
Hugepagesize:       2048 kB
DirectMap4k:      373136 kB
DirectMap2M:     3782656 kB


CPU:total 4 (2 cores per cpu, 2 threads per core) family 6 model 58 stepping 9, cmov, cx8, fxsr, mmx, sse, sse2, sse3, ssse3, sse4.1, sse4.2, popcnt, avx, erms, ht, tsc, tscinvbit, tscinv

/proc/cpuinfo:
processor	: 0
vendor_id	: GenuineIntel
cpu family	: 6
model		: 58
model name	: Intel(R) Core(TM) i3-3220 CPU @ 3.30GHz
stepping	: 9
microcode	: 0x15
cpu MHz		: 3299.871
cache size	: 3072 KB
physical id	: 0
siblings	: 4
core id		: 0
cpu cores	: 2
apicid		: 0
initial apicid	: 0
fpu		: yes
fpu_exception	: yes
cpuid level	: 13
wp		: yes
flags		: fpu vme de pse tsc msr pae mce cx8 apic sep mtrr pge mca cmov pat pse36 clflush dts acpi mmx fxsr sse sse2 ss ht tm pbe syscall nx rdtscp lm constant_tsc arch_perfmon pebs bts rep_good nopl xtopology nonstop_tsc aperfmperf eagerfpu pni pclmulqdq dtes64 monitor ds_cpl vmx est tm2 ssse3 cx16 xtpr pdcm pcid sse4_1 sse4_2 popcnt tsc_deadline_timer xsave avx f16c lahf_lm arat epb pln pts dtherm tpr_shadow vnmi flexpriority ept vpid fsgsbase smep erms xsaveopt
bugs		:
bogomips	: 6585.33
clflush size	: 64
cache_alignment	: 64
address sizes	: 36 bits physical, 48 bits virtual
power management:

processor	: 1
vendor_id	: GenuineIntel
cpu family	: 6
model		: 58
model name	: Intel(R) Core(TM) i3-3220 CPU @ 3.30GHz
stepping	: 9
microcode	: 0x15
cpu MHz		: 3300.000
cache size	: 3072 KB
physical id	: 0
siblings	: 4
core id		: 1
cpu cores	: 2
apicid		: 2
initial apicid	: 2
fpu		: yes
fpu_exception	: yes
cpuid level	: 13
wp		: yes
flags		: fpu vme de pse tsc msr pae mce cx8 apic sep mtrr pge mca cmov pat pse36 clflush dts acpi mmx fxsr sse sse2 ss ht tm pbe syscall nx rdtscp lm constant_tsc arch_perfmon pebs bts rep_good nopl xtopology nonstop_tsc aperfmperf eagerfpu pni pclmulqdq dtes64 monitor ds_cpl vmx est tm2 ssse3 cx16 xtpr pdcm pcid sse4_1 sse4_2 popcnt tsc_deadline_timer xsave avx f16c lahf_lm arat epb pln pts dtherm tpr_shadow vnmi flexpriority ept vpid fsgsbase smep erms xsaveopt
bugs		:
bogomips	: 6585.33
clflush size	: 64
cache_alignment	: 64
address sizes	: 36 bits physical, 48 bits virtual
power management:

processor	: 2
vendor_id	: GenuineIntel
cpu family	: 6
model		: 58
model name	: Intel(R) Core(TM) i3-3220 CPU @ 3.30GHz
stepping	: 9
microcode	: 0x15
cpu MHz		: 3299.871
cache size	: 3072 KB
physical id	: 0
siblings	: 4
core id		: 0
cpu cores	: 2
apicid		: 1
initial apicid	: 1
fpu		: yes
fpu_exception	: yes
cpuid level	: 13
wp		: yes
flags		: fpu vme de pse tsc msr pae mce cx8 apic sep mtrr pge mca cmov pat pse36 clflush dts acpi mmx fxsr sse sse2 ss ht tm pbe syscall nx rdtscp lm constant_tsc arch_perfmon pebs bts rep_good nopl xtopology nonstop_tsc aperfmperf eagerfpu pni pclmulqdq dtes64 monitor ds_cpl vmx est tm2 ssse3 cx16 xtpr pdcm pcid sse4_1 sse4_2 popcnt tsc_deadline_timer xsave avx f16c lahf_lm arat epb pln pts dtherm tpr_shadow vnmi flexpriority ept vpid fsgsbase smep erms xsaveopt
bugs		:
bogomips	: 6585.33
clflush size	: 64
cache_alignment	: 64
address sizes	: 36 bits physical, 48 bits virtual
power management:

processor	: 3
vendor_id	: GenuineIntel
cpu family	: 6
model		: 58
model name	: Intel(R) Core(TM) i3-3220 CPU @ 3.30GHz
stepping	: 9
microcode	: 0x15
cpu MHz		: 3299.871
cache size	: 3072 KB
physical id	: 0
siblings	: 4
core id		: 1
cpu cores	: 2
apicid		: 3
initial apicid	: 3
fpu		: yes
fpu_exception	: yes
cpuid level	: 13
wp		: yes
flags		: fpu vme de pse tsc msr pae mce cx8 apic sep mtrr pge mca cmov pat pse36 clflush dts acpi mmx fxsr sse sse2 ss ht tm pbe syscall nx rdtscp lm constant_tsc arch_perfmon pebs bts rep_good nopl xtopology nonstop_tsc aperfmperf eagerfpu pni pclmulqdq dtes64 monitor ds_cpl vmx est tm2 ssse3 cx16 xtpr pdcm pcid sse4_1 sse4_2 popcnt tsc_deadline_timer xsave avx f16c lahf_lm arat epb pln pts dtherm tpr_shadow vnmi flexpriority ept vpid fsgsbase smep erms xsaveopt
bugs		:
bogomips	: 6585.33
clflush size	: 64
cache_alignment	: 64
address sizes	: 36 bits physical, 48 bits virtual
power management:



Memory: 4k page, physical 4008576k(252812k free), swap 4156412k(3167572k free)

vm_info: OpenJDK 64-Bit Server VM (24.79-b02) for linux-amd64 JRE (1.7.0_79-b14), built on Jul 24 2015 05:24:39 by "buildd" with gcc 4.9.2

time: Wed Nov 18 11:26:48 2015
elapsed time: 6 seconds

